/mnt/c/SerranonOS/UEFI/vUDK2017/Build/DuetPkgX64/DEBUG_GCC5/X64/MdePkg/Library/BaseDebugPrintErrorLevelLib/BaseDebugPrintErrorLevelLib/OUTPUT/BaseDebugPrintErrorLevelLib.lib
/mnt/c/SerranonOS/UEFI/vUDK2017/Build/DuetPkgX64/DEBUG_GCC5/X64/MdePkg/Library/BasePcdLibNull/BasePcdLibNull/OUTPUT/BasePcdLibNull.lib
/mnt/c/SerranonOS/UEFI/vUDK2017/Build/DuetPkgX64/DEBUG_GCC5/X64/MdeModulePkg/Library/PeiDxeDebugLibReportStatusCode/PeiDxeDebugLibReportStatusCode/OUTPUT/PeiDxeDebugLibReportStatusCode.lib
/mnt/c/SerranonOS/UEFI/vUDK2017/Build/DuetPkgX64/DEBUG_GCC5/X64/MdePkg/Library/BaseLib/BaseLib/OUTPUT/BaseLib.lib
/mnt/c/SerranonOS/UEFI/vUDK2017/Build/DuetPkgX64/DEBUG_GCC5/X64/MdePkg/Library/BaseMemoryLib/BaseMemoryLib/OUTPUT/BaseMemoryLib.lib
/mnt/c/SerranonOS/UEFI/vUDK2017/Build/DuetPkgX64/DEBUG_GCC5/X64/MdePkg/Library/BasePrintLib/BasePrintLib/OUTPUT/BasePrintLib.lib
/mnt/c/SerranonOS/UEFI/vUDK2017/Build/DuetPkgX64/DEBUG_GCC5/X64/MdeModulePkg/Library/DxeCoreMemoryAllocationLib/DxeCoreMemoryAllocationLib/OUTPUT/DxeCoreMemoryAllocationLib.lib
/mnt/c/SerranonOS/UEFI/vUDK2017/Build/DuetPkgX64/DEBUG_GCC5/X64/MdePkg/Library/DxeCoreEntryPoint/DxeCoreEntryPoint/OUTPUT/DxeCoreEntryPoint.lib
/mnt/c/SerranonOS/UEFI/vUDK2017/Build/DuetPkgX64/DEBUG_GCC5/X64/MdePkg/Library/UefiDevicePathLib/UefiDevicePathLib/OUTPUT/UefiDevicePathLib.lib
/mnt/c/SerranonOS/UEFI/vUDK2017/Build/DuetPkgX64/DEBUG_GCC5/X64/MdePkg/Library/UefiBootServicesTableLib/UefiBootServicesTableLib/OUTPUT/UefiBootServicesTableLib.lib
/mnt/c/SerranonOS/UEFI/vUDK2017/Build/DuetPkgX64/DEBUG_GCC5/X64/MdePkg/Library/DxeCoreHobLib/DxeCoreHobLib/OUTPUT/DxeCoreHobLib.lib
/mnt/c/SerranonOS/UEFI/vUDK2017/Build/DuetPkgX64/DEBUG_GCC5/X64/DuetPkg/Library/DxeCoreReportStatusCodeLibFromHob/DxeCoreReportStatusCodeLibFromHob/OUTPUT/DxeCoreReportStatusCodeLibFromHob.lib
/mnt/c/SerranonOS/UEFI/vUDK2017/Build/DuetPkgX64/DEBUG_GCC5/X64/MdePkg/Library/BaseIoLibIntrinsic/BaseIoLibIntrinsic/OUTPUT/BaseIoLibIntrinsic.lib
/mnt/c/SerranonOS/UEFI/vUDK2017/Build/DuetPkgX64/DEBUG_GCC5/X64/MdePkg/Library/BasePciCf8Lib/BasePciCf8Lib/OUTPUT/BasePciCf8Lib.lib
/mnt/c/SerranonOS/UEFI/vUDK2017/Build/DuetPkgX64/DEBUG_GCC5/X64/MdePkg/Library/UefiRuntimeServicesTableLib/UefiRuntimeServicesTableLib/OUTPUT/UefiRuntimeServicesTableLib.lib
/mnt/c/SerranonOS/UEFI/vUDK2017/Build/DuetPkgX64/DEBUG_GCC5/X64/DuetPkg/Library/DuetTimerLib/DuetTimerLib/OUTPUT/DuetTimerLib.lib
/mnt/c/SerranonOS/UEFI/vUDK2017/Build/DuetPkgX64/DEBUG_GCC5/X64/MdePkg/Library/BasePciLibCf8/BasePciLibCf8/OUTPUT/BasePciLibCf8.lib
/mnt/c/SerranonOS/UEFI/vUDK2017/Build/DuetPkgX64/DEBUG_GCC5/X64/MdeModulePkg/Library/BasePlatformHookLibNull/BasePlatformHookLibNull/OUTPUT/BasePlatformHookLibNull.lib
/mnt/c/SerranonOS/UEFI/vUDK2017/Build/DuetPkgX64/DEBUG_GCC5/X64/MdePkg/Library/BasePeCoffExtraActionLibNull/BasePeCoffExtraActionLibNull/OUTPUT/PeCoffExtraActionLibNull.lib
/mnt/c/SerranonOS/UEFI/vUDK2017/Build/DuetPkgX64/DEBUG_GCC5/X64/MdePkg/Library/UefiLib/UefiLib/OUTPUT/UefiLib.lib
/mnt/c/SerranonOS/UEFI/vUDK2017/Build/DuetPkgX64/DEBUG_GCC5/X64/UefiCpuPkg/Library/BaseXApicLib/BaseXApicLib/OUTPUT/BaseXApicLib.lib
/mnt/c/SerranonOS/UEFI/vUDK2017/Build/DuetPkgX64/DEBUG_GCC5/X64/MdePkg/Library/BaseSynchronizationLib/BaseSynchronizationLib/OUTPUT/BaseSynchronizationLib.lib
/mnt/c/SerranonOS/UEFI/vUDK2017/Build/DuetPkgX64/DEBUG_GCC5/X64/MdeModulePkg/Library/BaseSerialPortLib16550/BaseSerialPortLib16550/OUTPUT/BaseSerialPortLib16550.lib
/mnt/c/SerranonOS/UEFI/vUDK2017/Build/DuetPkgX64/DEBUG_GCC5/X64/MdePkg/Library/BasePeCoffGetEntryPointLib/BasePeCoffGetEntryPointLib/OUTPUT/BasePeCoffGetEntryPointLib.lib
/mnt/c/SerranonOS/UEFI/vUDK2017/Build/DuetPkgX64/DEBUG_GCC5/X64/MdePkg/Library/BaseCacheMaintenanceLib/BaseCacheMaintenanceLib/OUTPUT/BaseCacheMaintenanceLib.lib
/mnt/c/SerranonOS/UEFI/vUDK2017/Build/DuetPkgX64/DEBUG_GCC5/X64/MdePkg/Library/BaseUefiDecompressLib/BaseUefiDecompressLib/OUTPUT/BaseUefiDecompressLib.lib
/mnt/c/SerranonOS/UEFI/vUDK2017/Build/DuetPkgX64/DEBUG_GCC5/X64/MdePkg/Library/BasePerformanceLibNull/BasePerformanceLibNull/OUTPUT/BasePerformanceLibNull.lib
/mnt/c/SerranonOS/UEFI/vUDK2017/Build/DuetPkgX64/DEBUG_GCC5/X64/MdePkg/Library/BasePeCoffLib/BasePeCoffLib/OUTPUT/BasePeCoffLib.lib
/mnt/c/SerranonOS/UEFI/vUDK2017/Build/DuetPkgX64/DEBUG_GCC5/X64/MdePkg/Library/DxeExtractGuidedSectionLib/DxeExtractGuidedSectionLib/OUTPUT/DxeExtractGuidedSectionLib.lib
/mnt/c/SerranonOS/UEFI/vUDK2017/Build/DuetPkgX64/DEBUG_GCC5/X64/MdePkg/Library/DxeServicesLib/DxeServicesLib/OUTPUT/DxeServicesLib.lib
/mnt/c/SerranonOS/UEFI/vUDK2017/Build/DuetPkgX64/DEBUG_GCC5/X64/MdeModulePkg/Library/DebugAgentLibNull/DebugAgentLibNull/OUTPUT/DebugAgentLibNull.lib
/mnt/c/SerranonOS/UEFI/vUDK2017/Build/DuetPkgX64/DEBUG_GCC5/X64/UefiCpuPkg/Library/CpuExceptionHandlerLib/DxeCpuExceptionHandlerLib/OUTPUT/DxeCpuExceptionHandlerLib.lib
/mnt/c/SerranonOS/UEFI/vUDK2017/Build/DuetPkgX64/DEBUG_GCC5/X64/MdeModulePkg/Core/Dxe/DxeMain/OUTPUT/DxeCore.lib