//
//  VFR compiler version  2.01 (UEFI 2.4) 
//
extern unsigned char DriverSampleStrings[];
extern EFI_GUID gEfiHiiPlatformSetupFormsetGuid;
extern EFI_GUID gEfiHiiDriverHealthFormsetGuid;
extern EFI_GUID gEfiHiiUserCredentialFormsetGuid;
extern EFI_GUID gEfiHiiStandardFormGuid;
extern EFI_GUID { 0xA04A27f4, 0xDF00, 0x4D42, { 0xB5, 0x52, 0x39, 0x51, 0x13, 0x02, 0x11, 0x3D }};
extern EFI_GUID { 0xb3f56470, 0x6141, 0x4621, { 0x8f, 0x19, 0x70, 0x4e, 0x57, 0x7a, 0xa9, 0xe8 }};
extern EFI_GUID { 0xF5E655D9, 0x02A6, 0x46f2, { 0x9E, 0x76, 0xB8, 0xBE, 0x8E, 0x60, 0xAB, 0x22 }};
extern EFI_GUID gZeroGuid;
#pragma pack(1)
typedef struct {
  UINT16 NestByteField;
  UINT8 : 1;
  UINT8 NestBitCheckbox : 1;
  UINT8 NestBitOneof : 2;
  UINT8 : 0;
  UINT8 NestBitNumeric : 4;
} MY_BITS_DATA;
typedef union {
  UINT16 BitField : 10;
  UINT8 ByteField;
} MY_EFI_UNION_DATA;
typedef struct {
  UINT16 MyStringData[40];
  UINT16 SomethingHiddenForHtml;
  UINT8 HowOldAreYouInYearsManual;
  UINT16 HowTallAreYouManual;
  UINT8 HowOldAreYouInYears;
  UINT16 HowTallAreYou;
  UINT8 MyFavoriteNumber;
  UINT8 TestLateCheck;
  UINT8 TestLateCheck2;
  UINT8 QuestionAboutTreeHugging;
  UINT8 ChooseToActivateNuclearWeaponry;
  UINT8 SuppressGrayOutSomething;
  UINT8 OrderedList[8];
  UINT16 BootOrder[8];
  UINT8 BootOrderLarge;
  UINT8 DynamicRefresh;
  UINT8 DynamicOneof;
  UINT8 DynamicOrderedList[5];
  UINT8 Reserved;
  EFI_HII_REF RefData;
  UINT8 NameValueVar0;
  UINT16 NameValueVar1;
  UINT16 NameValueVar2[20];
  UINT8 SerialPortNo;
  UINT8 SerialPortStatus;
  UINT16 SerialPortIo;
  UINT8 SerialPortIrq;
  UINT8 GetDefaultValueFromCallBack;
  UINT8 GetDefaultValueFromAccess;
  EFI_HII_TIME Time;
  UINT8 RefreshGuidCount;
  UINT8 Match2;
  UINT8 GetDefaultValueFromCallBackForOrderedList[3];
  UINT8 BitCheckbox : 1;
  UINT16 BitOneof : 6;
  UINT16 BitNumeric : 12;
  MY_BITS_DATA MyBitData;
  MY_EFI_UNION_DATA MyUnionData;
} DRIVER_SAMPLE_CONFIGURATION;
typedef struct {
  UINT8 Field8;
  UINT16 Field16;
  UINT8 OrderedList[3];
  UINT16 SubmittedCallback;
} MY_EFI_VARSTORE_DATA;
typedef struct {
  MY_BITS_DATA BitsData;
  UINT32 EfiBitGrayoutTest : 5;
  UINT32 EfiBitNumeric : 4;
  UINT32 EfiBitOneof : 10;
  UINT32 EfiBitCheckbox : 1;
} MY_EFI_BITS_VARSTORE_DATA;
#pragma pack()
formset
>00000000: 0E A7 F4 27 4A A0 00 DF 42 4D B5 52 39 51 13 02 11 3D 13 00 14 00 01 71 99 03 93 45 85 04 4B B4 5E 32 EB 83 26 04 0E 
>00000027: 5C 06 57 00 00 00 
>0000002D: 5C 06 59 00 01 00 
  guid = { 0xA04A27f4, 0xDF00, 0x4D42, {0xB5, 0x52, 0x39, 0x51, 0x13, 0x02, 0x11, 0x3D} },
  title = STRING_TOKEN(0x0013),
  help = STRING_TOKEN(0x0014),
  classguid = { 0x93039971, 0x8545, 0x4b04, { 0xb4, 0x5e, 0x32, 0xeb, 0x83, 0x26, 0x4, 0xe } },
  varstore DRIVER_SAMPLE_CONFIGURATION,
>00000033: 24 22 F4 27 4A A0 00 DF 42 4D B5 52 39 51 13 02 11 3D 34 12 DA 00 4D 79 49 66 72 4E 56 44 61 74 61 00 
    varid = 0x1234,
    name = MyIfrNVData,
    guid = { 0xA04A27f4, 0xDF00, 0x4D42, {0xB5, 0x52, 0x39, 0x51, 0x13, 0x02, 0x11, 0x3D} };
  efivarstore MY_EFI_VARSTORE_DATA,
>00000055: 26 23 01 00 F4 27 4A A0 00 DF 42 4D B5 52 39 51 13 02 11 3D 03 00 00 00 08 00 4D 79 45 66 69 56 61 72 00 
    attribute = 0x00000002 | 0x00000001,
    name = MyEfiVar,
    guid = { 0xA04A27f4, 0xDF00, 0x4D42, {0xB5, 0x52, 0x39, 0x51, 0x13, 0x02, 0x11, 0x3D} };
  efivarstore MY_EFI_BITS_VARSTORE_DATA,
>00000078: 26 26 02 00 F4 27 4A A0 00 DF 42 4D B5 52 39 51 13 02 11 3D 03 00 00 00 08 00 4D 79 45 66 69 42 69 74 56 61 72 00 
    attribute = 0x00000002 | 0x00000001,
    name = MyEfiBitVar,
    guid = { 0xA04A27f4, 0xDF00, 0x4D42, {0xB5, 0x52, 0x39, 0x51, 0x13, 0x02, 0x11, 0x3D} };
  efivarstore MY_EFI_UNION_DATA,
>0000009E: 26 28 03 00 F4 27 4A A0 00 DF 42 4D B5 52 39 51 13 02 11 3D 03 00 00 00 02 00 4D 79 45 66 69 55 6E 69 6F 6E 56 61 72 00 
    attribute = 0x00000002 | 0x00000001,
    name = MyEfiUnionVar,
    guid = { 0xA04A27f4, 0xDF00, 0x4D42, {0xB5, 0x52, 0x39, 0x51, 0x13, 0x02, 0x11, 0x3D} };
  namevaluevarstore MyNameValueVar,
>000000C6: 25 14 04 00 F4 27 4A A0 00 DF 42 4D B5 52 39 51 13 02 11 3D 
    name = STRING_TOKEN(0x0090),
    name = STRING_TOKEN(0x0091),
    name = STRING_TOKEN(0x0092),
    guid = { 0xA04A27f4, 0xDF00, 0x4D42, {0xB5, 0x52, 0x39, 0x51, 0x13, 0x02, 0x11, 0x3D} };
  defaultstore MyStandardDefault,
    prompt = STRING_TOKEN(0x0057),
    attribute = 0x0000;
  defaultstore MyManufactureDefault,
    prompt = STRING_TOKEN(0x0059),
    attribute = 0x0001;
  form formid = 1,
>000000DA: 01 86 01 00 15 00 
       title = STRING_TOKEN(0x0015);
    subtitle text = STRING_TOKEN(0x001A);
>000000E0: 02 87 1A 00 00 00 00 
>000000E7: 29 02 
    subtitle text = STRING_TOKEN(0x001B);
>000000E9: 02 87 1B 00 00 00 00 
>000000F0: 29 02 
    text
>000000F2: 03 08 1C 00 4C 00 1D 00 
      help = STRING_TOKEN(0x004C),
      text = STRING_TOKEN(0x001C),
        text = STRING_TOKEN(0x001D);
    text
      help = STRING_TOKEN(0x0050),
      text = STRING_TOKEN(0x0050),
      flags = INTERACTIVE,
>000000FA: 0C 8F 50 00 50 00 37 12 00 00 FF FF 04 00 00 
      key = 0x1237;
>00000109: 29 02 
    text
      help = STRING_TOKEN(0x0051),
      text = STRING_TOKEN(0x0051),
      flags = INTERACTIVE,
>0000010B: 0C 8F 51 00 51 00 38 12 00 00 FF FF 04 00 00 
      key = 0x1238;
>0000011A: 29 02 
    text
      help = STRING_TOKEN(0x0053),
      text = STRING_TOKEN(0x0053),
      flags = INTERACTIVE,
>0000011C: 0C 8F 53 00 53 00 43 12 00 00 FF FF 04 00 00 
      key = 0x1243;
>0000012B: 29 02 
    text
      help = STRING_TOKEN(0x0054),
      text = STRING_TOKEN(0x0054),
      flags = INTERACTIVE,
>0000012D: 0C 8F 54 00 54 00 44 12 00 00 FF FF 04 00 00 
      key = 0x1244;
>0000013C: 29 02 
    oneof name = MyOneOf,
>0000013E: 05 91 1F 00 22 00 01 00 34 12 5D 00 00 10 00 02 00 
      varid = MyIfrNVData.SuppressGrayOutSomething,
      prompt = STRING_TOKEN(0x001F),
      help = STRING_TOKEN(0x0022),
      option text = STRING_TOKEN(0x0026), value = 0x0, flags = 0;
>0000014F: 09 07 26 00 00 00 00 
      option text = STRING_TOKEN(0x0027), value = 0x1, flags = 0;
>00000156: 09 07 27 00 00 00 01 
      option text = STRING_TOKEN(0x0028), value = 0x2, flags = DEFAULT;
>0000015D: 09 07 28 00 10 00 02 
    endoneof;
>00000164: 29 02 
    oneof varid = MyIfrNVData.BootOrderLarge,
>00000166: 05 91 1F 00 22 00 02 00 34 12 76 00 00 10 00 01 00 
      prompt = STRING_TOKEN(0x001F),
      help = STRING_TOKEN(0x0022),
      default value = cond (pushthis == 0 ? 0 : cond ((questionref(MyOneOf) >> 0x4 & 0xF00) == 0x0 + 0x2 ? 0 : 1)),
>00000177: 5B 85 00 00 08 
>0000017C: 5A 82 
>0000017E: 58 82 
>00000180: 45 0A 00 00 00 00 00 00 00 00 
>0000018A: 2F 02 
>0000018C: 45 0A 00 00 00 00 00 00 00 00 
>00000196: 40 04 01 00 
>0000019A: 45 0A 04 00 00 00 00 00 00 00 
>000001A4: 39 02 
>000001A6: 45 0A 00 0F 00 00 00 00 00 00 
>000001B0: 35 02 
>000001B2: 45 0A 00 00 00 00 00 00 00 00 
>000001BC: 45 0A 02 00 00 00 00 00 00 00 
>000001C6: 3A 02 
>000001C8: 2F 02 
>000001CA: 45 0A 00 00 00 00 00 00 00 00 
>000001D4: 45 0A 01 00 00 00 00 00 00 00 
>000001DE: 50 02 
>000001E0: 50 02 
>000001E2: 29 02 
>000001E4: 29 02 
>000001E6: 29 02 
      option text = STRING_TOKEN(0x0029), value = 0x0, flags = 0;
>000001E8: 09 07 29 00 00 00 00 
      option text = STRING_TOKEN(0x002A), value = 0x1, flags = 0;
>000001EF: 09 07 2A 00 00 00 01 
    endoneof;
>000001F6: 29 02 
    grayoutif ideqval MyIfrNVData.SuppressGrayOutSomething == 0x1;
>000001F8: 19 82 
>000001FA: 12 06 01 00 01 00 
      suppressif questionref(MyOneOf) == 0x0;
>00000200: 0A 82 
>00000202: 40 84 01 00 
>00000206: 45 0A 00 00 00 00 00 00 00 00 
>00000210: 2F 02 
>00000212: 29 02 
        checkbox varid = MyIfrNVData.ChooseToActivateNuclearWeaponry,
>00000214: 06 8E 2B 00 2C 00 03 00 34 12 5C 00 00 03 
                 prompt = STRING_TOKEN(0x002B),
                 help = STRING_TOKEN(0x002C),
                 flags = CHECKBOX_DEFAULT | CHECKBOX_DEFAULT_MFG,
                 default = TRUE,
>00000222: 5B 06 00 00 00 01 
        endcheckbox;
>00000228: 29 02 
      endif;
>0000022A: 29 02 
    endif;
>0000022C: 29 02 
    suppressif ideqval MyIfrNVData.SuppressGrayOutSomething == 0x0;
>0000022E: 0A 82 
>00000230: 12 06 01 00 00 00 
      label 0x2222;
>00000236: 5F 15 35 17 0B 0F A0 87 93 41 B2 66 53 8C 38 AF 48 CE 00 22 22 
      orderedlist
>0000024B: 23 8F 8B 00 56 00 04 00 34 12 66 00 10 08 00 
                varid = MyIfrNVData.BootOrder,
                prompt = STRING_TOKEN(0x008B),
                help = STRING_TOKEN(0x0056),
                flags = RESET_REQUIRED,
                option text = STRING_TOKEN(0x008D), value = 2, flags = 0;
>0000025A: 09 08 8D 00 01 01 02 00 
                option text = STRING_TOKEN(0x008C), value = 1, flags = 0;
>00000262: 09 08 8C 00 01 01 01 00 
                option text = STRING_TOKEN(0x008E), value = 3, flags = 0;
>0000026A: 09 08 8E 00 01 01 03 00 
              suppressif ideqval MyIfrNVData.BootOrderLarge == 0;
>00000272: 0A 82 
>00000274: 12 06 02 00 00 00 
                option text = STRING_TOKEN(0x008F), value = 4, flags = 0;
>0000027A: 09 08 8F 00 01 01 04 00 
              endif;
>00000282: 29 02 
      endlist;
>00000284: 29 02 
      label 0x2223;
>00000286: 5F 15 35 17 0B 0F A0 87 93 41 B2 66 53 8C 38 AF 48 CE 00 23 22 
    endif;
>0000029B: 29 02 
    disableif ideqval MyIfrNVData.SuppressGrayOutSomething == 0x2;
>0000029D: 1E 82 
>0000029F: 12 06 01 00 02 00 
      orderedlist
>000002A5: 23 8F 4E 00 4C 00 05 00 34 12 5E 00 10 08 00 
        varid = MyIfrNVData.OrderedList,
        prompt = STRING_TOKEN(0x004E),
        help = STRING_TOKEN(0x004C),
        flags = RESET_REQUIRED,
        option text = STRING_TOKEN(0x0023), value = 3, flags = 0;
>000002B4: 09 07 23 00 00 00 03 
        option text = STRING_TOKEN(0x0024), value = 2, flags = 0;
>000002BB: 09 07 24 00 00 00 02 
        option text = STRING_TOKEN(0x0025), value = 1, flags = 0;
>000002C2: 09 07 25 00 00 00 01 
        default = {1,2,3},
>000002C9: 5B 08 00 00 0B 01 02 03 
      endlist;
>000002D1: 29 02 
    endif;
>000002D3: 29 02 
    label 100;
>000002D5: 5F 15 35 17 0B 0F A0 87 93 41 B2 66 53 8C 38 AF 48 CE 00 64 00 
    goto 0x1234,
>000002EA: 0F 0F 3D 00 4D 00 34 12 00 00 FF FF 04 34 12 
      prompt = STRING_TOKEN(0x003D),
      help = STRING_TOKEN(0x004D),
      flags = INTERACTIVE,
      key = 0x1234;
    goto 0x1234,
>000002F9: 0F 0F 3E 00 4D 00 35 12 00 00 FF FF 04 34 12 
      prompt = STRING_TOKEN(0x003E),
      help = STRING_TOKEN(0x004D),
      flags = INTERACTIVE,
      key = 0x1235;
    oneof varid = MyIfrNVData.TestLateCheck,
>00000308: 05 91 4E 00 22 00 06 00 34 12 59 00 10 10 00 01 00 
      prompt = STRING_TOKEN(0x004E),
      help = STRING_TOKEN(0x0022),
      flags = RESET_REQUIRED,
      option text = STRING_TOKEN(0x0023), value = 0, flags = 0;
>00000319: 09 07 23 00 00 00 00 
      option text = STRING_TOKEN(0x0024), value = 1, flags = DEFAULT;
>00000320: 09 07 24 00 10 00 01 
      warningif prompt = STRING_TOKEN(0x00AA), timeout = 5,
>00000327: 63 85 AA 00 05 
        ideqval MyIfrNVData.TestLateCheck == 0
>0000032C: 12 06 06 00 00 00 
      endif;
>00000332: 29 02 
    endoneof;
>00000334: 29 02 
    oneof varid = MyIfrNVData.TestLateCheck2,
>00000336: 05 91 4F 00 22 00 07 00 34 12 5A 00 10 10 00 01 00 
      prompt = STRING_TOKEN(0x004F),
      help = STRING_TOKEN(0x0022),
      flags = RESET_REQUIRED,
      option text = STRING_TOKEN(0x0023), value = 0, flags = DEFAULT;
>00000347: 09 07 23 00 10 00 00 
      option text = STRING_TOKEN(0x0024), value = 1, flags = 0;
>0000034E: 09 07 24 00 00 00 01 
      inconsistentif prompt = STRING_TOKEN(0x0043),
>00000355: 11 84 43 00 
        ideqid MyIfrNVData.TestLateCheck == MyIfrNVData.TestLateCheck2
>00000359: 13 06 06 00 07 00 
      endif;
>0000035F: 29 02 
    endoneof;
>00000361: 29 02 
    oneof varid = MyIfrNVData.QuestionAboutTreeHugging,
>00000363: 05 91 20 00 22 00 08 00 34 12 5B 00 10 10 00 03 00 
      prompt = STRING_TOKEN(0x0020),
      help = STRING_TOKEN(0x0022),
      flags = RESET_REQUIRED,
      option text = STRING_TOKEN(0x0023), value = 0, flags = 0;
>00000374: 09 07 23 00 00 00 00 
      option text = STRING_TOKEN(0x0024), value = 1, flags = DEFAULT;
>0000037B: 09 07 24 00 10 00 01 
      option text = STRING_TOKEN(0x0025), value = 3, flags = 0;
>00000382: 09 07 25 00 00 00 03 
    endoneof;
>00000389: 29 02 
    string varid = MyIfrNVData.MyStringData,
>0000038B: 1C 90 44 00 45 00 36 12 34 12 00 00 04 06 28 00 
              prompt = STRING_TOKEN(0x0044),
              help = STRING_TOKEN(0x0045),
              flags = INTERACTIVE,
              key = 0x1236,
              minsize = 6,
              maxsize = 40,
              inconsistentif prompt = STRING_TOKEN(0x005F),
>0000039B: 11 84 5F 00 
                pushthis != stringref(STRING_TOKEN(0x005E))
>0000039F: 58 82 
>000003A1: 4E 04 5E 00 
>000003A5: 30 02 
>000003A7: 29 02 
              endif;
>000003A9: 29 02 
    endstring;
>000003AB: 29 02 
    numeric varid = MyIfrNVData.HowOldAreYouInYearsManual,
>000003AD: 07 91 2E 00 31 00 09 00 34 12 52 00 01 10 00 F0 00 
            prompt = STRING_TOKEN(0x002E),
            help = STRING_TOKEN(0x0031),
            flags = READ_ONLY,
            minimum = 0,
            maximum = 0xf0,
            step = 0,
            default = 21,
>000003BE: 5B 06 00 00 00 15 
    endnumeric;
>000003C4: 29 02 
    numeric varid = MyIfrNVData.HowOldAreYouInYearsManual,
>000003C6: 07 91 2F 00 31 00 0A 00 34 12 52 00 00 10 00 F0 00 
            prompt = STRING_TOKEN(0x002F),
            help = STRING_TOKEN(0x0031),
            minimum = 0,
            maximum = 0xf0,
            step = 0,
            default value = questionrefval(devicepath = STRING_TOKEN (0x0069), guid = { 0xA04A27f4, 0xDF00, 0x4D42, {0xB5, 0x52, 0x39, 0x51, 0x13, 0x02, 0x11, 0x3D} }, 0x1111),
>000003D7: 5B 85 00 00 08 
>000003DC: 5A 82 
>000003DE: 45 8A 11 11 00 00 00 00 00 00 
>000003E8: 51 14 69 00 F4 27 4A A0 00 DF 42 4D B5 52 39 51 13 02 11 3D 
>000003FC: 29 02 
>000003FE: 29 02 
>00000400: 29 02 
            inconsistentif prompt = STRING_TOKEN(0x0043),
>00000402: 11 84 43 00 
              ideqval MyIfrNVData.HowOldAreYouInYearsManual == 99
>00000406: 12 86 0A 00 63 00 
>00000424: 29 02 
              OR
>00000412: 16 02 
              ideqid MyIfrNVData.HowOldAreYouInYearsManual == MyEfiVar.Field8
>0000040C: 13 06 0A 00 11 11 
              OR
>00000422: 16 02 
              ideqvallist MyIfrNVData.HowOldAreYouInYearsManual == 1 3 5 7
>00000414: 14 0E 0A 00 04 00 01 00 03 00 05 00 07 00 
            endif;
>00000426: 29 02 
    endnumeric;
>00000428: 29 02 
    numeric varid = MyEfiVar.Field8,
>0000042A: 07 91 30 00 32 00 11 11 01 00 00 00 04 20 00 FA 00 
            questionid = 0x1111,
            prompt = STRING_TOKEN(0x0030),
            help = STRING_TOKEN(0x0032),
            flags = DISPLAY_UINT_HEX | INTERACTIVE,
            minimum = 0,
            maximum = 250,
            default = 18, defaultstore = MyStandardDefault,
>0000043B: 5B 06 00 00 00 12 
            default = 19, defaultstore = MyManufactureDefault,
>00000441: 5B 06 01 00 00 13 
    endnumeric;
>00000447: 29 02 
    numeric varid = MyNameValueVar[0],
>00000449: 07 91 90 00 5B 00 0B 00 04 00 90 00 00 10 00 FF 00 
            prompt = STRING_TOKEN(0x0090),
            help = STRING_TOKEN(0x005B),
            flags = NUMERIC_SIZE_1,
            minimum = 0,
            maximum = 0xff,
            step = 0,
            locked,
>0000045A: 0B 02 
            default = 16, defaultstore = MyStandardDefault,
>0000045C: 5B 06 00 00 00 10 
            default = 17, defaultstore = MyManufactureDefault,
>00000462: 5B 06 01 00 00 11 
    endnumeric;
>00000468: 29 02 
    numeric varid = MyNameValueVar[1],
>0000046A: 07 94 91 00 5C 00 0C 00 04 00 91 00 00 11 00 00 FF FF 00 00 
            prompt = STRING_TOKEN(0x0091),
            help = STRING_TOKEN(0x005C),
            flags = NUMERIC_SIZE_2,
            minimum = 0,
            maximum = 0xffff,
            step = 0,
            default = 18, defaultstore = MyStandardDefault,
>0000047E: 5B 07 00 00 01 12 00 
            default = 19, defaultstore = MyManufactureDefault,
>00000485: 5B 07 01 00 01 13 00 
    endnumeric;
>0000048C: 29 02 
    string varid = MyNameValueVar[2],
>0000048E: 1C 90 92 00 5D 00 0D 00 04 00 92 00 00 02 14 00 
              prompt = STRING_TOKEN(0x0092),
              help = STRING_TOKEN(0x005D),
              minsize = 2,
              maxsize = 0x14,
    endstring;
>0000049E: 29 02 
    oneof varid = MyEfiVar.Field16,
>000004A0: 05 94 1F 00 1E 00 0E 00 01 00 01 00 00 11 00 00 01 00 00 00 
      prompt = STRING_TOKEN(0x001F),
      help = STRING_TOKEN(0x001E),
      option text = STRING_TOKEN(0x0029), value = 0x0, flags = 0;
>000004B4: 09 08 29 00 01 01 00 00 
      option text = STRING_TOKEN(0x002A), value = 0x1, flags = DEFAULT;
>000004BC: 09 08 2A 00 11 01 01 00 
    endoneof;
>000004C4: 29 02 
    label 0x01;
>000004C6: 5F 15 35 17 0B 0F A0 87 93 41 B2 66 53 8C 38 AF 48 CE 00 01 00 
    label 0x1000;
>000004DB: 5F 15 35 17 0B 0F A0 87 93 41 B2 66 53 8C 38 AF 48 CE 00 00 10 
    grayoutif ideqval MyIfrNVData.HowOldAreYouInYearsManual == 23 AND ideqval MyIfrNVData.SuppressGrayOutSomething == 0x1;
>000004F0: 19 82 
>000004F2: 12 86 0A 00 17 00 
>000004F8: 12 06 01 00 01 00 
>000004FE: 15 02 
>00000500: 29 02 
      numeric varid = MyIfrNVData.HowOldAreYouInYears,
>00000502: 07 91 2D 00 33 00 0F 00 34 12 55 00 00 10 00 F3 01 
              prompt = STRING_TOKEN(0x002D),
              help = STRING_TOKEN(0x0033),
              minimum = 0,
              maximum = 243,
              step = 1,
              default = 18, defaultstore = MyStandardDefault,
>00000513: 5B 06 00 00 00 12 
              default = 19, defaultstore = MyManufactureDefault,
>00000519: 5B 06 01 00 00 13 
      endnumeric;
>0000051F: 29 02 
    endif;
>00000521: 29 02 
    numeric varid = MyIfrNVData.GetDefaultValueFromAccess,
>00000523: 07 91 65 00 66 00 39 12 34 12 C6 00 04 20 00 FF 01 
            questionid = 0x1239,
            prompt = STRING_TOKEN(0x0065),
            help = STRING_TOKEN(0x0066),
            flags = DISPLAY_UINT_HEX | INTERACTIVE,
            minimum = 0,
            maximum = 255,
            step = 1,
            default = 18,
>00000534: 5B 06 00 00 00 12 
    endnumeric;
>0000053A: 29 02 
    numeric varid = MyIfrNVData.GetDefaultValueFromCallBack,
>0000053C: 07 91 63 00 64 00 40 12 34 12 C5 00 04 20 00 FF 01 
            questionid = 0x1240,
            prompt = STRING_TOKEN(0x0063),
            help = STRING_TOKEN(0x0064),
            flags = DISPLAY_UINT_HEX | INTERACTIVE,
            minimum = 0,
            maximum = 255,
            step = 1,
            default = 18,
>0000054D: 5B 06 00 00 00 12 
    endnumeric;
>00000553: 29 02 
    orderedlist
>00000555: 23 8F 63 00 64 00 52 12 34 12 CC 00 04 03 00 
        varid = MyIfrNVData.GetDefaultValueFromCallBackForOrderedList,
        questionid = 0x1252,
        prompt = STRING_TOKEN(0x0063),
        help = STRING_TOKEN(0x0064),
        flags = INTERACTIVE,
        option text = STRING_TOKEN(0x0023), value = 1, flags = 0;
>00000564: 09 07 23 00 00 00 01 
        option text = STRING_TOKEN(0x0024), value = 2, flags = 0;
>0000056B: 09 07 24 00 00 00 02 
        option text = STRING_TOKEN(0x0025), value = 3, flags = 0;
>00000572: 09 07 25 00 00 00 03 
    endlist;
>00000579: 29 02 
    resetbutton
>0000057B: 0D 88 57 00 58 00 00 00 
      defaultstore = MyStandardDefault,
      prompt = STRING_TOKEN(0x0057),
      help = STRING_TOKEN(0x0058),
    endresetbutton;
>00000583: 29 02 
    resetbutton
>00000585: 0D 88 59 00 5A 00 01 00 
      defaultstore = MyManufactureDefault,
      prompt = STRING_TOKEN(0x0059),
      help = STRING_TOKEN(0x005A),
    endresetbutton;
>0000058D: 29 02 
    grayoutif NOT security ({ 0x85b75607, 0xf7ce, 0x471e, { 0xb7, 0xe4, 0x2a, 0xea, 0x5f, 0x72, 0x32, 0xee } });
>0000058F: 19 82 
>00000591: 60 92 07 56 B7 85 CE F7 1E 47 B7 E4 2A EA 5F 72 32 EE 
>000005A3: 17 02 
>000005A5: 29 02 
      text
>000005A7: 03 08 34 00 35 00 00 00 
        help = STRING_TOKEN(0x0035),
        text = STRING_TOKEN(0x0034);
    endif;
>000005AF: 29 02 
    numeric varid = MyEfiVar.SubmittedCallback,
>000005B1: 07 94 6A 00 6B 00 50 12 01 00 06 00 04 11 00 00 FF 00 00 00 
            questionid = 0x1250,
            prompt = STRING_TOKEN(0x006A),
            help = STRING_TOKEN(0x006B),
            flags = INTERACTIVE,
            minimum = 0,
            maximum = 255,
            default = 18,
>000005C5: 5B 07 00 00 01 12 00 
    endnumeric;
>000005CC: 29 02 
    text
      help = STRING_TOKEN(0x006D),
      text = STRING_TOKEN(0x006C),
      flags = INTERACTIVE,
>000005CE: 0C 8F 6C 00 6D 00 30 13 00 00 FF FF 04 00 00 
      key = 0x1330;
>000005DD: 29 02 
    goto 2,
>000005DF: 0F 0F 37 00 4D 00 10 00 00 00 FF FF 00 02 00 
      prompt = STRING_TOKEN(0x0037),
      help = STRING_TOKEN(0x004D);
    goto 3,
>000005EE: 0F 0F 38 00 4D 00 11 00 00 00 FF FF 00 03 00 
      prompt = STRING_TOKEN(0x0038),
      help = STRING_TOKEN(0x004D);
    goto 4,
>000005FD: 0F 0F 39 00 4D 00 12 00 00 00 FF FF 00 04 00 
      prompt = STRING_TOKEN(0x0039),
      help = STRING_TOKEN(0x004D);
    goto 5,
>0000060C: 0F 0F 3B 00 3C 00 13 00 00 00 FF FF 00 05 00 
      prompt = STRING_TOKEN(0x003B),
      help = STRING_TOKEN(0x003C);
    goto 6,
>0000061B: 0F 0F 3A 00 4D 00 14 00 00 00 FF FF 00 06 00 
      prompt = STRING_TOKEN(0x003A),
      help = STRING_TOKEN(0x004D);
    goto
>0000062A: 0F 21 67 00 68 00 15 00 00 00 FF FF 00 01 00 01 00 70 64 F5 B3 41 61 21 46 8F 19 70 4E 57 7A A9 E8 
      formsetguid = { 0xb3f56470, 0x6141, 0x4621, {0x8f, 0x19, 0x70, 0x4e, 0x57, 0x7a, 0xa9, 0xe8} },
      formid = 0x1,
      question = 0x1,
      prompt = STRING_TOKEN(0x0067),
      help = STRING_TOKEN(0x0068);
    guidop
>0000064B: 5F 9A F4 27 4A A0 00 DF 42 4D B5 52 39 51 13 02 11 3D 21 21 21 21 00 00 00 00 
      guid = { 0xA04A27f4, 0xDF00, 0x4D42, {0xB5, 0x52, 0x39, 0x51, 0x13, 0x02, 0x11, 0x3D} },
      datatype = MY_EFI_VARSTORE_DATA,
        data.Field8 = 0x21,
        data.Field16 = 0x2121,
        data.OrderedList[0] = 0x21,
    endguidop;
>00000665: 29 02 
     goto 7,
>00000667: 0F 0F 70 00 71 00 16 00 00 00 FF FF 00 07 00 
      prompt = STRING_TOKEN(0x0070),
      help = STRING_TOKEN(0x0071);
  endform;
>00000676: 29 02 
  suppressif ideqval MyIfrNVData.BootOrderLarge == 0;
>00000678: 0A 82 
>0000067A: 12 06 02 00 00 00 
    form formid = 2,
>00000680: 01 86 02 00 16 00 
      title = STRING_TOKEN(0x0016);
      date
>00000686: 1A 8E 48 00 49 00 17 00 00 00 FF FF 00 10 
        name = Date,
        prompt = STRING_TOKEN(0x0048),
        help = STRING_TOKEN(0x0049),
        flags = STORAGE_TIME,
        default = 2004/1/1,
>00000694: 5B 09 00 00 06 D4 07 01 01 
        inconsistentif prompt = STRING_TOKEN(0x0043),
>0000069D: 11 84 43 00 
          ideqval Date.Day == 31
>000006A1: 40 84 17 00 
>000006A5: 44 06 00 00 00 FF 
>000006AB: 35 02 
>000006AD: 42 03 18 
>000006B0: 39 02 
>000006B2: 42 03 1F 
>000006B5: 2F 02 
          AND
>0000072D: 15 02 
>0000072F: 29 02 
          ideqvallist Date.Month == 2 4 6 9 11
>000006B7: 40 04 17 00 
>000006BB: 44 06 00 00 FF 00 
>000006C1: 35 02 
>000006C3: 42 03 10 
>000006C6: 39 02 
>000006C8: 42 03 02 
>000006CB: 2F 02 
>000006CD: 40 04 17 00 
>000006D1: 44 06 00 00 FF 00 
>000006D7: 35 02 
>000006D9: 42 03 10 
>000006DC: 39 02 
>000006DE: 42 03 04 
>000006E1: 2F 02 
>000006E3: 16 02 
>000006E5: 40 04 17 00 
>000006E9: 44 06 00 00 FF 00 
>000006EF: 35 02 
>000006F1: 42 03 10 
>000006F4: 39 02 
>000006F6: 42 03 06 
>000006F9: 2F 02 
>000006FB: 16 02 
>000006FD: 40 04 17 00 
>00000701: 44 06 00 00 FF 00 
>00000707: 35 02 
>00000709: 42 03 10 
>0000070C: 39 02 
>0000070E: 42 03 09 
>00000711: 2F 02 
>00000713: 16 02 
>00000715: 40 04 17 00 
>00000719: 44 06 00 00 FF 00 
>0000071F: 35 02 
>00000721: 42 03 10 
>00000724: 39 02 
>00000726: 42 03 0B 
>00000729: 2F 02 
>0000072B: 16 02 
        endif;
>00000731: 29 02 
        inconsistentif prompt = STRING_TOKEN(0x0043),
>00000733: 11 84 43 00 
          ideqval Date.Day == 30
>00000737: 40 84 17 00 
>0000073B: 44 06 00 00 00 FF 
>00000741: 35 02 
>00000743: 42 03 18 
>00000746: 39 02 
>00000748: 42 03 1E 
>0000074B: 2F 02 
          AND
>00000763: 15 02 
>00000765: 29 02 
          ideqval Date.Month == 2
>0000074D: 40 04 17 00 
>00000751: 44 06 00 00 FF 00 
>00000757: 35 02 
>00000759: 42 03 10 
>0000075C: 39 02 
>0000075E: 42 03 02 
>00000761: 2F 02 
        endif;
>00000767: 29 02 
        inconsistentif prompt = STRING_TOKEN(0x0043),
>00000769: 11 84 43 00 
          ideqval Date.Day == 0x1D
>0000076D: 40 84 17 00 
>00000771: 44 06 00 00 00 FF 
>00000777: 35 02 
>00000779: 42 03 18 
>0000077C: 39 02 
>0000077E: 42 03 1D 
>00000781: 2F 02 
          AND
>00000799: 15 02 
          ideqval Date.Month == 2
>00000783: 40 04 17 00 
>00000787: 44 06 00 00 FF 00 
>0000078D: 35 02 
>0000078F: 42 03 10 
>00000792: 39 02 
>00000794: 42 03 02 
>00000797: 2F 02 
          AND
>0000087C: 15 02 
>0000087E: 29 02 
          NOT
>0000087A: 17 02 
          ideqvallist Date.Year == 2004 2008 20012 20016 2020 2024 2028 2032 2036
>0000079B: 40 04 17 00 
>0000079F: 44 06 FF FF 00 00 
>000007A5: 35 02 
>000007A7: 42 03 00 
>000007AA: 39 02 
>000007AC: 43 04 D4 07 
>000007B0: 2F 02 
>000007B2: 40 04 17 00 
>000007B6: 44 06 FF FF 00 00 
>000007BC: 35 02 
>000007BE: 42 03 00 
>000007C1: 39 02 
>000007C3: 43 04 D8 07 
>000007C7: 2F 02 
>000007C9: 16 02 
>000007CB: 40 04 17 00 
>000007CF: 44 06 FF FF 00 00 
>000007D5: 35 02 
>000007D7: 42 03 00 
>000007DA: 39 02 
>000007DC: 43 04 2C 4E 
>000007E0: 2F 02 
>000007E2: 16 02 
>000007E4: 40 04 17 00 
>000007E8: 44 06 FF FF 00 00 
>000007EE: 35 02 
>000007F0: 42 03 00 
>000007F3: 39 02 
>000007F5: 43 04 30 4E 
>000007F9: 2F 02 
>000007FB: 16 02 
>000007FD: 40 04 17 00 
>00000801: 44 06 FF FF 00 00 
>00000807: 35 02 
>00000809: 42 03 00 
>0000080C: 39 02 
>0000080E: 43 04 E4 07 
>00000812: 2F 02 
>00000814: 16 02 
>00000816: 40 04 17 00 
>0000081A: 44 06 FF FF 00 00 
>00000820: 35 02 
>00000822: 42 03 00 
>00000825: 39 02 
>00000827: 43 04 E8 07 
>0000082B: 2F 02 
>0000082D: 16 02 
>0000082F: 40 04 17 00 
>00000833: 44 06 FF FF 00 00 
>00000839: 35 02 
>0000083B: 42 03 00 
>0000083E: 39 02 
>00000840: 43 04 EC 07 
>00000844: 2F 02 
>00000846: 16 02 
>00000848: 40 04 17 00 
>0000084C: 44 06 FF FF 00 00 
>00000852: 35 02 
>00000854: 42 03 00 
>00000857: 39 02 
>00000859: 43 04 F0 07 
>0000085D: 2F 02 
>0000085F: 16 02 
>00000861: 40 04 17 00 
>00000865: 44 06 FF FF 00 00 
>0000086B: 35 02 
>0000086D: 42 03 00 
>00000870: 39 02 
>00000872: 43 04 F4 07 
>00000876: 2F 02 
>00000878: 16 02 
        endif;
>00000880: 29 02 
      enddate;
>00000882: 29 02 
      text
        help = STRING_TOKEN(0x0055),
        text = STRING_TOKEN(0x0055),
        flags = INTERACTIVE,
>00000884: 0C 8F 55 00 55 00 41 12 00 00 FF FF 04 00 00 
        key = 0x1241;
>00000893: 29 02 
      text
        help = STRING_TOKEN(0x0052),
        text = STRING_TOKEN(0x0052),
        flags = INTERACTIVE,
>00000895: 0C 8F 52 00 52 00 42 12 00 00 FF FF 04 00 00 
        key = 0x1242;
>000008A4: 29 02 
      time
>000008A6: 1B 8E 4A 00 4B 00 18 00 00 00 FF FF 00 10 
        prompt = STRING_TOKEN(0x004A),
        help = STRING_TOKEN(0x004B),
        flags = STORAGE_TIME,
      endtime;
>000008B4: 29 02 
      time
>000008B6: 1B 8E 4A 00 4A 00 19 00 34 12 C7 00 00 04 
            name = MyTime,
            varid = MyIfrNVData.Time,
            prompt = STRING_TOKEN(0x004A),
            help = STRING_TOKEN(0x004A),
            flags = STORAGE_NORMAL | SECOND_SUPPRESS,
            default = 15:33:33,
>000008C4: 5B 08 00 00 05 0F 21 21 
      endtime;
>000008CC: 29 02 
      checkbox varid = MyIfrNVData.ChooseToActivateNuclearWeaponry,
>000008CE: 06 8E 2B 00 2C 00 1A 00 34 12 5C 00 00 01 
              prompt = STRING_TOKEN(0x002B),
              help = STRING_TOKEN(0x002C),
              flags = CHECKBOX_DEFAULT,
      endcheckbox;
>000008DC: 29 02 
      text
>000008DE: 03 08 46 00 4C 00 00 00 
        help = STRING_TOKEN(0x004C),
        text = STRING_TOKEN(0x0046);
      text
>000008E6: 03 08 46 00 4C 00 47 00 
        help = STRING_TOKEN(0x004C),
        text = STRING_TOKEN(0x0046),
        text = STRING_TOKEN(0x0047);
      goto 1,
>000008EE: 0F 0F 36 00 4D 00 1B 00 00 00 FF FF 00 01 00 
        prompt = STRING_TOKEN(0x0036),
        help = STRING_TOKEN(0x004D);
    goto
>000008FD: 0F 8D 3F 00 41 00 48 12 34 12 7F 00 04 
      varid = MyIfrNVData.RefData,
      prompt = STRING_TOKEN(0x003F),
      help = STRING_TOKEN(0x0041),
      flags = INTERACTIVE,
      key = 0x1248,
>00000925: 29 02 
      default = 0;0;{ 0x0, 0x0, 0x0, {0x0, 0x0, 0x0, 0x0, 0x0, 0x0, 0x0, 0x0} };STRING_TOKEN(0x0056),
>0000090A: 5B 1B 00 00 0C 00 00 00 00 00 00 00 00 00 00 00 00 00 00 00 00 00 00 00 00 56 00 
    ;
    goto
>00000927: 0F 0D 40 00 42 00 49 12 00 00 FF FF 04 
      prompt = STRING_TOKEN(0x0040),
      help = STRING_TOKEN(0x0042),
      flags = INTERACTIVE,
      key = 0x1249;
    endform;
>00000934: 29 02 
  endif;
>00000936: 29 02 
  form formid = 3, title = STRING_TOKEN(0x0017);
>00000938: 01 86 03 00 17 00 
    suppressif ideqval MyEfiVar.Field8 == 111;
>0000093E: 0A 82 
>00000940: 12 06 11 11 6F 00 
      text
>00000946: 03 08 46 00 4C 00 00 00 
        help = STRING_TOKEN(0x004C),
        text = STRING_TOKEN(0x0046);
    endif;
>0000094E: 29 02 
    goto 1,
>00000950: 0F 0F 36 00 4D 00 1C 00 00 00 FF FF 00 01 00 
      prompt = STRING_TOKEN(0x0036),
      help = STRING_TOKEN(0x004D);
    numeric varid = MyIfrNVData.DynamicRefresh,
>0000095F: 07 91 2F 00 31 00 78 56 34 12 77 00 04 10 00 FF 00 
            prompt = STRING_TOKEN(0x002F),
            help = STRING_TOKEN(0x0031),
            flags = INTERACTIVE,
            key = 0x5678,
            minimum = 0,
            maximum = 0xff,
            step = 0,
            default = 0,
>00000970: 5B 06 00 00 00 00 
            refresh interval = 3
>00000976: 1D 03 03 
    endnumeric;
>00000979: 29 02 
    grayoutif match2 (stringref(STRING_TOKEN(0x00AE)), stringref(STRING_TOKEN(0x00AD)), { 0x63E60A51, 0x497D, 0xD427, {0xC4, 0xA5, 0xB8, 0xAB, 0xDC, 0x3A, 0xAE, 0xB6 }});
>0000097B: 19 82 
>0000097D: 4E 84 AE 00 
>00000981: 4E 04 AD 00 
>00000985: 64 12 51 0A E6 63 7D 49 27 D4 C4 A5 B8 AB DC 3A AE B6 
>00000997: 29 02 
      numeric
>00000999: 07 91 AB 00 AC 00 1D 00 34 12 CB 00 00 10 00 F3 00 
        varid = MyIfrNVData.Match2,
        prompt = STRING_TOKEN(0x00AB),
        help = STRING_TOKEN(0x00AC),
        minimum = 0,
        maximum = 243,
      endnumeric;
>000009AA: 29 02 
    endif;
>000009AC: 29 02 
    label 0x2234;
>000009AE: 5F 15 35 17 0B 0F A0 87 93 41 B2 66 53 8C 38 AF 48 CE 00 34 22 
    label 0x2223;
>000009C3: 5F 15 35 17 0B 0F A0 87 93 41 B2 66 53 8C 38 AF 48 CE 00 23 22 
  endform;
>000009D8: 29 02 
  formmap formid = 4,
>000009DA: 5D A8 04 00 93 00 F4 27 4A A0 00 DF 42 4D B5 52 39 51 13 02 11 3D 94 00 EC F4 D2 3B 24 E5 E4 46 A9 D8 51 01 17 42 55 62 
    maptitle = STRING_TOKEN(0x0093);
    mapguid = { 0xA04A27f4, 0xDF00, 0x4D42, {0xB5, 0x52, 0x39, 0x51, 0x13, 0x02, 0x11, 0x3D} };
    maptitle = STRING_TOKEN(0x0094);
    mapguid = { 0x3bd2f4ec, 0xe524, 0x46e4, { 0xa9, 0xd8, 0x51, 0x1, 0x17, 0x42, 0x55, 0x62 } };
    oneof varid = MyIfrNVData.SerialPortNo,
>00000A02: 05 91 95 00 22 00 1E 00 34 12 C0 00 00 10 00 04 00 
      prompt = STRING_TOKEN(0x0095),
      help = STRING_TOKEN(0x0022),
      read cond (get(MyIfrNVData.SerialPortStatus) != 0 ? 0 : cond ((get(MyIfrNVData.SerialPortIo) & 0xF00) >> 0x8 == get(MyIfrNVData.SerialPortIrq) - 1 ? UNDEFINED : map (get(MyIfrNVData.SerialPortIo) : 0x3f8,1; 0x2F8,2; 0x3E8,3; 0x2E8,4;)));
>00000A13: 2D 02 
>00000A15: 2B 87 34 12 C1 00 00 
>00000A1C: 45 0A 00 00 00 00 00 00 00 00 
>00000A26: 30 02 
>00000A28: 45 0A 00 00 00 00 00 00 00 00 
>00000A32: 2B 07 34 12 C2 00 01 
>00000A39: 45 0A 00 0F 00 00 00 00 00 00 
>00000A43: 35 02 
>00000A45: 45 0A 08 00 00 00 00 00 00 00 
>00000A4F: 39 02 
>00000A51: 2B 07 34 12 C4 00 00 
>00000A58: 45 0A 01 00 00 00 00 00 00 00 
>00000A62: 3B 02 
>00000A64: 2F 02 
>00000A66: 55 02 
>00000A68: 2B 07 34 12 C2 00 01 
>00000A6F: 22 82 
>00000A71: 45 0A F8 03 00 00 00 00 00 00 
>00000A7B: 45 0A 01 00 00 00 00 00 00 00 
>00000A85: 45 0A F8 02 00 00 00 00 00 00 
>00000A8F: 45 0A 02 00 00 00 00 00 00 00 
>00000A99: 45 0A E8 03 00 00 00 00 00 00 
>00000AA3: 45 0A 03 00 00 00 00 00 00 00 
>00000AAD: 45 0A E8 02 00 00 00 00 00 00 
>00000AB7: 45 0A 04 00 00 00 00 00 00 00 
>00000AC1: 29 02 
>00000AC3: 50 02 
>00000AC5: 50 02 
>00000AC7: 29 02 
      write set(MyIfrNVData.SerialPortStatus, pushthis != 0) AND set(MyIfrNVData.SerialPortIo, map (pushthis : 1,0x3F8; 2,0x2F8; 3,0x3E8; 4,0x2E8;)) AND set (MyIfrNVData.SerialPortIrq, map (pushthis: 1,4; 2,3; 3,4; 4,3;));
>00000AC9: 2E 02 
>00000ACB: 58 82 
>00000ACD: 45 0A 00 00 00 00 00 00 00 00 
>00000AD7: 30 02 
>00000AD9: 2C 07 34 12 C1 00 00 
>00000AE0: 58 02 
>00000AE2: 22 82 
>00000AE4: 45 0A 01 00 00 00 00 00 00 00 
>00000AEE: 45 0A F8 03 00 00 00 00 00 00 
>00000AF8: 45 0A 02 00 00 00 00 00 00 00 
>00000B02: 45 0A F8 02 00 00 00 00 00 00 
>00000B0C: 45 0A 03 00 00 00 00 00 00 00 
>00000B16: 45 0A E8 03 00 00 00 00 00 00 
>00000B20: 45 0A 04 00 00 00 00 00 00 00 
>00000B2A: 45 0A E8 02 00 00 00 00 00 00 
>00000B34: 29 02 
>00000B36: 2C 07 34 12 C2 00 01 
>00000B3D: 15 02 
>00000B3F: 58 02 
>00000B41: 22 82 
>00000B43: 45 0A 01 00 00 00 00 00 00 00 
>00000B4D: 45 0A 04 00 00 00 00 00 00 00 
>00000B57: 45 0A 02 00 00 00 00 00 00 00 
>00000B61: 45 0A 03 00 00 00 00 00 00 00 
>00000B6B: 45 0A 03 00 00 00 00 00 00 00 
>00000B75: 45 0A 04 00 00 00 00 00 00 00 
>00000B7F: 45 0A 04 00 00 00 00 00 00 00 
>00000B89: 45 0A 03 00 00 00 00 00 00 00 
>00000B93: 29 02 
>00000B95: 2C 07 34 12 C4 00 00 
>00000B9C: 15 02 
>00000B9E: 29 02 
      option text = STRING_TOKEN(0x0096), value = 0x0, flags = DEFAULT;
>00000BA0: 09 07 96 00 10 00 00 
      option text = STRING_TOKEN(0x0097), value = 0x1, flags = 0;
>00000BA7: 09 07 97 00 00 00 01 
      option text = STRING_TOKEN(0x0098), value = 0x2, flags = 0;
>00000BAE: 09 07 98 00 00 00 02 
      option text = STRING_TOKEN(0x0099), value = 0x3, flags = 0;
>00000BB5: 09 07 99 00 00 00 03 
      option text = STRING_TOKEN(0x009A), value = 0x4, flags = 0;
>00000BBC: 09 07 9A 00 00 00 04 
    endoneof;
>00000BC3: 29 02 
    grayoutif TRUE;
>00000BC5: 19 82 
>00000BC7: 46 02 
      checkbox varid = MyIfrNVData.SerialPortStatus,
>00000BC9: 06 8E 9B 00 2C 00 1F 00 34 12 C1 00 00 00 
        prompt = STRING_TOKEN(0x009B),
        help = STRING_TOKEN(0x002C),
      endcheckbox;
>00000BD7: 29 02 
    endif;
>00000BD9: 29 02 
    grayoutif TRUE;
>00000BDB: 19 82 
>00000BDD: 46 02 
      suppressif ideqval MyIfrNVData.SerialPortStatus == 0;
>00000BDF: 0A 82 
>00000BE1: 12 06 1F 00 00 00 
        oneof varid = MyIfrNVData.SerialPortIo,
>00000BE7: 05 94 9C 00 22 00 20 00 34 12 C2 00 00 11 E8 02 F8 03 00 00 
          prompt = STRING_TOKEN(0x009C),
          help = STRING_TOKEN(0x0022),
          option text = STRING_TOKEN(0x009E), value = 0x3F8, flags = DEFAULT;
>00000BFB: 09 08 9E 00 11 01 F8 03 
          option text = STRING_TOKEN(0x009F), value = 0x2F8, flags = 0;
>00000C03: 09 08 9F 00 01 01 F8 02 
          option text = STRING_TOKEN(0x00A0), value = 0x3E8, flags = 0;
>00000C0B: 09 08 A0 00 01 01 E8 03 
          option text = STRING_TOKEN(0x00A1), value = 0x2E8, flags = 0;
>00000C13: 09 08 A1 00 01 01 E8 02 
        endoneof;
>00000C1B: 29 02 
      endif;
>00000C1D: 29 02 
    endif;
>00000C1F: 29 02 
    grayoutif TRUE;
>00000C21: 19 82 
>00000C23: 46 02 
      suppressif ideqval MyIfrNVData.SerialPortStatus == 0;
>00000C25: 0A 82 
>00000C27: 12 06 1F 00 00 00 
        oneof varid = MyIfrNVData.SerialPortIrq,
>00000C2D: 05 91 9D 00 22 00 21 00 34 12 C4 00 00 10 03 04 00 
          prompt = STRING_TOKEN(0x009D),
          help = STRING_TOKEN(0x0022),
          option text = STRING_TOKEN(0x00A2), value = 0x4, flags = DEFAULT;
>00000C3E: 09 07 A2 00 10 00 04 
          option text = STRING_TOKEN(0x00A3), value = 0x3, flags = 0;
>00000C45: 09 07 A3 00 00 00 03 
        endoneof;
>00000C4C: 29 02 
      endif;
>00000C4E: 29 02 
    endif;
>00000C50: 29 02 
    goto 1,
>00000C52: 0F 0F 36 00 4D 00 22 00 00 00 FF FF 00 01 00 
      prompt = STRING_TOKEN(0x0036),
      help = STRING_TOKEN(0x004D);
  endform;
>00000C61: 29 02 
  form formid = 5,
>00000C63: 01 86 05 00 62 00 
       title = STRING_TOKEN(0x0062);
    modal;
>00000C69: 61 02 
    text
      help = STRING_TOKEN(0x0050),
      text = STRING_TOKEN(0x0050),
      flags = INTERACTIVE,
>00000C6B: 0C 8F 50 00 50 00 45 12 00 00 FF FF 04 00 00 
      key = 0x1245;
>00000C7A: 29 02 
    text
      help = STRING_TOKEN(0x0051),
      text = STRING_TOKEN(0x0051),
      flags = INTERACTIVE,
>00000C7C: 0C 8F 51 00 51 00 46 12 00 00 FF FF 04 00 00 
      key = 0x1246;
>00000C8B: 29 02 
  endform;
>00000C8D: 29 02 
  form formid = 6,
>00000C8F: 01 86 06 00 18 00 
       title = STRING_TOKEN(0x0018);
    text
>00000C95: 03 08 60 00 60 00 00 00 
      help = STRING_TOKEN(0x0060),
      text = STRING_TOKEN(0x0060);
    numeric varid = MyIfrNVData.RefreshGuidCount,
>00000C9D: 07 91 61 00 31 00 47 12 34 12 CA 00 04 10 00 FF 00 
            prompt = STRING_TOKEN(0x0061),
            help = STRING_TOKEN(0x0031),
            flags = INTERACTIVE,
            key = 0x1247,
            minimum = 0,
            maximum = 0xff,
            step = 0,
            default = 0,
>00000CAE: 5B 06 00 00 00 00 
            refreshguid = { 0xF5E655D9, 0x02A6, 0x46f2, {0x9E, 0x76, 0xB8, 0xBE, 0x8E, 0x60, 0xAB, 0x22} },
>00000CB4: 62 12 D9 55 E6 F5 A6 02 F2 46 9E 76 B8 BE 8E 60 AB 22 
    endnumeric;
>00000CC6: 29 02 
    label 0x3234;
>00000CC8: 5F 15 35 17 0B 0F A0 87 93 41 B2 66 53 8C 38 AF 48 CE 00 34 32 
    label 0x2223;
>00000CDD: 5F 15 35 17 0B 0F A0 87 93 41 B2 66 53 8C 38 AF 48 CE 00 23 22 
  endform;
>00000CF2: 29 02 
  form formid = 0x1234,
>00000CF4: 01 86 34 12 19 00 
       title = STRING_TOKEN(0x0019);
    label 0x1234;
>00000CFA: 5F 15 35 17 0B 0F A0 87 93 41 B2 66 53 8C 38 AF 48 CE 00 34 12 
    label 0x2223;
>00000D0F: 5F 15 35 17 0B 0F A0 87 93 41 B2 66 53 8C 38 AF 48 CE 00 23 22 
  endform;
>00000D24: 29 02 
  form formid = 7,
>00000D26: 01 86 07 00 6F 00 
    title = STRING_TOKEN(0x006F);
    subtitle text = STRING_TOKEN(0x0072);
>00000D2C: 02 87 72 00 00 00 00 
>00000D33: 29 02 
    checkbox varid = MyEfiBitVar.BitsData.NestBitCheckbox,
>00000D35: 5F 92 8B D6 DD 82 63 91 87 41 9B 27 20 A8 FD 60 A7 1D 
>00000D47: 06 8E 77 00 78 00 23 00 02 00 11 00 00 01 
             prompt = STRING_TOKEN(0x0077),
             help = STRING_TOKEN(0x0078),
             flags = CHECKBOX_DEFAULT,
    endcheckbox;
>00000D55: 29 02 
>00000D57: 29 02 
    oneof varid = MyEfiBitVar.BitsData.NestBitOneof,
>00000D59: 5F 92 8B D6 DD 82 63 91 87 41 9B 27 20 A8 FD 60 A7 1D 
>00000D6B: 05 9A 79 00 7A 00 24 00 02 00 12 00 00 42 00 00 00 00 01 00 00 00 00 00 00 00 
      prompt = STRING_TOKEN(0x0079),
      help = STRING_TOKEN(0x007A),
      option text = STRING_TOKEN(0x0029), value = 0, flags = MANUFACTURING;
>00000D85: 09 0A 29 00 20 02 00 00 00 00 
      option text = STRING_TOKEN(0x002A), value = 1, flags = DEFAULT;
>00000D8F: 09 0A 2A 00 10 02 01 00 00 00 
    endoneof;
>00000D99: 29 02 
>00000D9B: 29 02 
    numeric varid = MyEfiBitVar.BitsData.NestBitNumeric,
>00000D9D: 5F 92 8B D6 DD 82 63 91 87 41 9B 27 20 A8 FD 60 A7 1D 
>00000DAF: 07 9A 7B 00 7F 00 66 66 02 00 18 00 04 84 02 00 00 00 0F 00 00 00 01 00 00 00 
            questionid = 0x6666,
            prompt = STRING_TOKEN(0x007B),
            help = STRING_TOKEN(0x007F),
            flags = DISPLAY_UINT_HEX | INTERACTIVE,
            minimum = 2,
            maximum = 15,
            step = 1,
    endnumeric;
>00000DC9: 29 02 
>00000DCB: 29 02 
    oneof varid = MyEfiBitVar.BitsData.NestByteField,
>00000DCD: 05 94 7D 00 7E 00 25 00 02 00 00 00 00 11 00 00 01 00 00 00 
      prompt = STRING_TOKEN(0x007D),
      help = STRING_TOKEN(0x007E),
      option text = STRING_TOKEN(0x0029), value = 0, flags = MANUFACTURING;
>00000DE1: 09 08 29 00 21 01 00 00 
      option text = STRING_TOKEN(0x002A), value = 1, flags = DEFAULT;
>00000DE9: 09 08 2A 00 11 01 01 00 
    endoneof;
>00000DF1: 29 02 
    subtitle text = STRING_TOKEN(0x001B);
>00000DF3: 02 87 1B 00 00 00 00 
>00000DFA: 29 02 
    subtitle text = STRING_TOKEN(0x0073);
>00000DFC: 02 87 73 00 00 00 00 
>00000E03: 29 02 
    checkbox varid = MyEfiBitVar.EfiBitCheckbox,
>00000E05: 5F 92 8B D6 DD 82 63 91 87 41 9B 27 20 A8 FD 60 A7 1D 
>00000E17: 06 8E 80 00 81 00 26 00 02 00 33 00 00 01 
      prompt = STRING_TOKEN(0x0080),
      help = STRING_TOKEN(0x0081),
      flags = CHECKBOX_DEFAULT,
    endcheckbox;
>00000E25: 29 02 
>00000E27: 29 02 
  grayoutif ideqval MyEfiBitVar.EfiBitGrayoutTest == 0;
>00000E29: 19 82 
>00000E2B: 12 06 31 00 00 00 
    numeric varid = MyEfiBitVar.EfiBitNumeric,
>00000E31: 5F 92 8B D6 DD 82 63 91 87 41 9B 27 20 A8 FD 60 A7 1D 
>00000E43: 07 9A 84 00 85 00 27 00 02 00 25 00 00 44 00 00 00 00 07 00 00 00 00 00 00 00 
            prompt = STRING_TOKEN(0x0084),
            help = STRING_TOKEN(0x0085),
            minimum = 0,
            maximum = 7,
            step = 0,
            default = 4, defaultstore = MyStandardDefault,
>00000E5D: 5B 09 00 00 02 04 00 00 00 
            default = 5, defaultstore = MyManufactureDefault,
>00000E66: 5B 09 01 00 02 05 00 00 00 
    endnumeric;
>00000E6F: 29 02 
>00000E71: 29 02 
  endif;
>00000E73: 29 02 
      oneof varid = MyEfiBitVar.EfiBitOneof,
>00000E75: 5F 92 8B D6 DD 82 63 91 87 41 9B 27 20 A8 FD 60 A7 1D 
>00000E87: 05 9A 82 00 83 00 99 99 02 00 29 00 00 4A 00 00 00 00 01 00 00 00 00 00 00 00 
      questionid = 0x9999,
      prompt = STRING_TOKEN(0x0082),
      help = STRING_TOKEN(0x0083),
      option text = STRING_TOKEN(0x0029), value = 0x0, flags = MANUFACTURING;
>00000EA1: 09 0A 29 00 22 02 00 00 00 00 
      option text = STRING_TOKEN(0x002A), value = 0x1, flags = DEFAULT;
>00000EAB: 09 0A 2A 00 12 02 01 00 00 00 
    endoneof;
>00000EB5: 29 02 
>00000EB7: 29 02 
    subtitle text = STRING_TOKEN(0x001B);
>00000EB9: 02 87 1B 00 00 00 00 
>00000EC0: 29 02 
    subtitle text = STRING_TOKEN(0x0074);
>00000EC2: 02 87 74 00 00 00 00 
>00000EC9: 29 02 
    checkbox varid = MyIfrNVData.MyBitData.NestBitCheckbox,
>00000ECB: 5F 92 8B D6 DD 82 63 91 87 41 9B 27 20 A8 FD 60 A7 1D 
>00000EDD: 06 8E 77 00 78 00 28 00 34 12 B1 06 00 01 
             prompt = STRING_TOKEN(0x0077),
             help = STRING_TOKEN(0x0078),
             flags = CHECKBOX_DEFAULT,
    endcheckbox;
>00000EEB: 29 02 
>00000EED: 29 02 
    oneof varid = MyIfrNVData.MyBitData.NestBitOneof,
>00000EEF: 5F 92 8B D6 DD 82 63 91 87 41 9B 27 20 A8 FD 60 A7 1D 
>00000F01: 05 9A 79 00 7A 00 29 00 34 12 B2 06 00 42 00 00 00 00 01 00 00 00 00 00 00 00 
      prompt = STRING_TOKEN(0x0079),
      help = STRING_TOKEN(0x007A),
      option text = STRING_TOKEN(0x0029), value = 0, flags = MANUFACTURING;
>00000F1B: 09 0A 29 00 20 02 00 00 00 00 
      option text = STRING_TOKEN(0x002A), value = 1, flags = DEFAULT;
>00000F25: 09 0A 2A 00 10 02 01 00 00 00 
    endoneof;
>00000F2F: 29 02 
>00000F31: 29 02 
    numeric varid = MyIfrNVData.MyBitData.NestBitNumeric,
>00000F33: 5F 92 8B D6 DD 82 63 91 87 41 9B 27 20 A8 FD 60 A7 1D 
>00000F45: 07 9A 7B 00 7C 00 2A 00 34 12 B8 06 00 44 00 00 00 00 07 00 00 00 00 00 00 00 
            prompt = STRING_TOKEN(0x007B),
            help = STRING_TOKEN(0x007C),
            minimum = 0,
            maximum = 7,
            step = 0,
            default = 6, defaultstore = MyStandardDefault,
>00000F5F: 5B 09 00 00 02 06 00 00 00 
            default = 7, defaultstore = MyManufactureDefault,
>00000F68: 5B 09 01 00 02 07 00 00 00 
    endnumeric;
>00000F71: 29 02 
>00000F73: 29 02 
    oneof varid = MyIfrNVData.MyBitData.NestByteField,
>00000F75: 05 94 7D 00 7E 00 2B 00 34 12 D4 00 00 11 00 00 01 00 00 00 
      prompt = STRING_TOKEN(0x007D),
      help = STRING_TOKEN(0x007E),
      option text = STRING_TOKEN(0x0029), value = 0, flags = MANUFACTURING;
>00000F89: 09 08 29 00 21 01 00 00 
      option text = STRING_TOKEN(0x002A), value = 1, flags = DEFAULT;
>00000F91: 09 08 2A 00 11 01 01 00 
    endoneof;
>00000F99: 29 02 
    subtitle text = STRING_TOKEN(0x001B);
>00000F9B: 02 87 1B 00 00 00 00 
>00000FA2: 29 02 
    subtitle text = STRING_TOKEN(0x0075);
>00000FA4: 02 87 75 00 00 00 00 
>00000FAB: 29 02 
    oneof varid = MyIfrNVData.BitOneof,
>00000FAD: 5F 92 8B D6 DD 82 63 91 87 41 9B 27 20 A8 FD 60 A7 1D 
>00000FBF: 05 9A 82 00 83 00 2C 00 34 12 80 06 00 46 00 00 00 00 01 00 00 00 00 00 00 00 
      prompt = STRING_TOKEN(0x0082),
      help = STRING_TOKEN(0x0083),
      option text = STRING_TOKEN(0x0029), value = 0, flags = MANUFACTURING;
>00000FD9: 09 0A 29 00 21 02 00 00 00 00 
      option text = STRING_TOKEN(0x002A), value = 1, flags = DEFAULT;
>00000FE3: 09 0A 2A 00 11 02 01 00 00 00 
    endoneof;
>00000FED: 29 02 
>00000FEF: 29 02 
    checkbox varid = MyIfrNVData.BitCheckbox,
>00000FF1: 5F 92 8B D6 DD 82 63 91 87 41 9B 27 20 A8 FD 60 A7 1D 
>00001003: 06 8E 80 00 81 00 2D 00 34 12 78 06 00 01 
             prompt = STRING_TOKEN(0x0080),
             help = STRING_TOKEN(0x0081),
             flags = CHECKBOX_DEFAULT,
    endcheckbox;
>00001011: 29 02 
>00001013: 29 02 
    numeric varid = MyIfrNVData.BitNumeric,
>00001015: 5F 92 8B D6 DD 82 63 91 87 41 9B 27 20 A8 FD 60 A7 1D 
>00001027: 07 9A 84 00 86 00 2E 00 34 12 90 06 00 4C 00 00 00 00 14 00 00 00 00 00 00 00 
            prompt = STRING_TOKEN(0x0084),
            help = STRING_TOKEN(0x0086),
            minimum = 0,
            maximum = 20,
            step = 0,
            default = 16, defaultstore = MyStandardDefault,
>00001041: 5B 09 00 00 02 10 00 00 00 
            default = 17, defaultstore = MyManufactureDefault,
>0000104A: 5B 09 01 00 02 11 00 00 00 
    endnumeric;
>00001053: 29 02 
>00001055: 29 02 
    subtitle text = STRING_TOKEN(0x001B);
>00001057: 02 87 1B 00 00 00 00 
>0000105E: 29 02 
    subtitle text = STRING_TOKEN(0x0076);
>00001060: 02 87 76 00 00 00 00 
>00001067: 29 02 
    numeric varid = MyEfiUnionVar.ByteField,
>00001069: 07 91 87 00 88 00 2F 00 03 00 00 00 00 10 00 14 00 
            prompt = STRING_TOKEN(0x0087),
            help = STRING_TOKEN(0x0088),
            minimum = 0,
            maximum = 20,
            step = 0,
            default = 7, defaultstore = MyStandardDefault,
>0000107A: 5B 06 00 00 00 07 
            default = 8, defaultstore = MyManufactureDefault,
>00001080: 5B 06 01 00 00 08 
    endnumeric;
>00001086: 29 02 
    numeric varid = MyEfiUnionVar.BitField,
>00001088: 5F 92 8B D6 DD 82 63 91 87 41 9B 27 20 A8 FD 60 A7 1D 
>0000109A: 07 9A 89 00 8A 00 30 00 03 00 00 00 00 4A 00 00 00 00 14 00 00 00 00 00 00 00 
            prompt = STRING_TOKEN(0x0089),
            help = STRING_TOKEN(0x008A),
            minimum = 0,
            maximum = 20,
            step = 0,
            default = 7, defaultstore = MyStandardDefault,
>000010B4: 5B 09 00 00 02 07 00 00 00 
            default = 8, defaultstore = MyManufactureDefault,
>000010BD: 5B 09 01 00 02 08 00 00 00 
    endnumeric;
>000010C6: 29 02 
>000010C8: 29 02 
    guidop
>000010CA: 5F 9A F4 27 4A A0 00 DF 42 4D B5 52 39 51 13 02 11 3D 00 00 00 00 20 02 08 00 
      guid = { 0xA04A27f4, 0xDF00, 0x4D42, {0xB5, 0x52, 0x39, 0x51, 0x13, 0x02, 0x11, 0x3D} },
      datatype = MY_EFI_BITS_VARSTORE_DATA,
        data.EfiBitNumeric = 1,
        data.EfiBitOneof = 1,
        data.EfiBitCheckbox = 1,
    endguidop;
>000010E4: 29 02 
  endform;
>0000111C: 29 02 
endformset;
>000010E6: 1E 82 
>000010E8: 46 02 
>000010EA: 5F 92 8B D6 DD 82 63 91 87 41 9B 27 20 A8 FD 60 A7 1D 
>000010FC: 07 9A 00 00 00 00 31 00 02 00 20 00 00 45 00 00 00 00 1F 00 00 00 00 00 00 00 
>00001116: 29 02 
>00001118: 29 02 
>0000111A: 29 02 
>0000111E: 29 02 

//
// All Opcode Record List 
//
>00000000: 0E A7 F4 27 4A A0 00 DF 42 4D B5 52 39 51 13 02 11 3D 13 00 14 00 01 71 99 03 93 45 85 04 4B B4 5E 32 EB 83 26 04 0E 
>00000027: 5C 06 57 00 00 00 
>0000002D: 5C 06 59 00 01 00 
>00000033: 24 22 F4 27 4A A0 00 DF 42 4D B5 52 39 51 13 02 11 3D 34 12 DA 00 4D 79 49 66 72 4E 56 44 61 74 61 00 
>00000055: 26 23 01 00 F4 27 4A A0 00 DF 42 4D B5 52 39 51 13 02 11 3D 03 00 00 00 08 00 4D 79 45 66 69 56 61 72 00 
>00000078: 26 26 02 00 F4 27 4A A0 00 DF 42 4D B5 52 39 51 13 02 11 3D 03 00 00 00 08 00 4D 79 45 66 69 42 69 74 56 61 72 00 
>0000009E: 26 28 03 00 F4 27 4A A0 00 DF 42 4D B5 52 39 51 13 02 11 3D 03 00 00 00 02 00 4D 79 45 66 69 55 6E 69 6F 6E 56 61 72 00 
>000000C6: 25 14 04 00 F4 27 4A A0 00 DF 42 4D B5 52 39 51 13 02 11 3D 
>000000DA: 01 86 01 00 15 00 
>000000E0: 02 87 1A 00 00 00 00 
>000000E7: 29 02 
>000000E9: 02 87 1B 00 00 00 00 
>000000F0: 29 02 
>000000F2: 03 08 1C 00 4C 00 1D 00 
>000000FA: 0C 8F 50 00 50 00 37 12 00 00 FF FF 04 00 00 
>00000109: 29 02 
>0000010B: 0C 8F 51 00 51 00 38 12 00 00 FF FF 04 00 00 
>0000011A: 29 02 
>0000011C: 0C 8F 53 00 53 00 43 12 00 00 FF FF 04 00 00 
>0000012B: 29 02 
>0000012D: 0C 8F 54 00 54 00 44 12 00 00 FF FF 04 00 00 
>0000013C: 29 02 
>0000013E: 05 91 1F 00 22 00 01 00 34 12 5D 00 00 10 00 02 00 
>0000014F: 09 07 26 00 00 00 00 
>00000156: 09 07 27 00 00 00 01 
>0000015D: 09 07 28 00 10 00 02 
>00000164: 29 02 
>00000166: 05 91 1F 00 22 00 02 00 34 12 76 00 00 10 00 01 00 
>00000177: 5B 85 00 00 08 
>0000017C: 5A 82 
>0000017E: 58 82 
>00000180: 45 0A 00 00 00 00 00 00 00 00 
>0000018A: 2F 02 
>0000018C: 45 0A 00 00 00 00 00 00 00 00 
>00000196: 40 04 01 00 
>0000019A: 45 0A 04 00 00 00 00 00 00 00 
>000001A4: 39 02 
>000001A6: 45 0A 00 0F 00 00 00 00 00 00 
>000001B0: 35 02 
>000001B2: 45 0A 00 00 00 00 00 00 00 00 
>000001BC: 45 0A 02 00 00 00 00 00 00 00 
>000001C6: 3A 02 
>000001C8: 2F 02 
>000001CA: 45 0A 00 00 00 00 00 00 00 00 
>000001D4: 45 0A 01 00 00 00 00 00 00 00 
>000001DE: 50 02 
>000001E0: 50 02 
>000001E2: 29 02 
>000001E4: 29 02 
>000001E6: 29 02 
>000001E8: 09 07 29 00 00 00 00 
>000001EF: 09 07 2A 00 00 00 01 
>000001F6: 29 02 
>000001F8: 19 82 
>000001FA: 12 06 01 00 01 00 
>00000200: 0A 82 
>00000202: 40 84 01 00 
>00000206: 45 0A 00 00 00 00 00 00 00 00 
>00000210: 2F 02 
>00000212: 29 02 
>00000214: 06 8E 2B 00 2C 00 03 00 34 12 5C 00 00 03 
>00000222: 5B 06 00 00 00 01 
>00000228: 29 02 
>0000022A: 29 02 
>0000022C: 29 02 
>0000022E: 0A 82 
>00000230: 12 06 01 00 00 00 
>00000236: 5F 15 35 17 0B 0F A0 87 93 41 B2 66 53 8C 38 AF 48 CE 00 22 22 
>0000024B: 23 8F 8B 00 56 00 04 00 34 12 66 00 10 08 00 
>0000025A: 09 08 8D 00 01 01 02 00 
>00000262: 09 08 8C 00 01 01 01 00 
>0000026A: 09 08 8E 00 01 01 03 00 
>00000272: 0A 82 
>00000274: 12 06 02 00 00 00 
>0000027A: 09 08 8F 00 01 01 04 00 
>00000282: 29 02 
>00000284: 29 02 
>00000286: 5F 15 35 17 0B 0F A0 87 93 41 B2 66 53 8C 38 AF 48 CE 00 23 22 
>0000029B: 29 02 
>0000029D: 1E 82 
>0000029F: 12 06 01 00 02 00 
>000002A5: 23 8F 4E 00 4C 00 05 00 34 12 5E 00 10 08 00 
>000002B4: 09 07 23 00 00 00 03 
>000002BB: 09 07 24 00 00 00 02 
>000002C2: 09 07 25 00 00 00 01 
>000002C9: 5B 08 00 00 0B 01 02 03 
>000002D1: 29 02 
>000002D3: 29 02 
>000002D5: 5F 15 35 17 0B 0F A0 87 93 41 B2 66 53 8C 38 AF 48 CE 00 64 00 
>000002EA: 0F 0F 3D 00 4D 00 34 12 00 00 FF FF 04 34 12 
>000002F9: 0F 0F 3E 00 4D 00 35 12 00 00 FF FF 04 34 12 
>00000308: 05 91 4E 00 22 00 06 00 34 12 59 00 10 10 00 01 00 
>00000319: 09 07 23 00 00 00 00 
>00000320: 09 07 24 00 10 00 01 
>00000327: 63 85 AA 00 05 
>0000032C: 12 06 06 00 00 00 
>00000332: 29 02 
>00000334: 29 02 
>00000336: 05 91 4F 00 22 00 07 00 34 12 5A 00 10 10 00 01 00 
>00000347: 09 07 23 00 10 00 00 
>0000034E: 09 07 24 00 00 00 01 
>00000355: 11 84 43 00 
>00000359: 13 06 06 00 07 00 
>0000035F: 29 02 
>00000361: 29 02 
>00000363: 05 91 20 00 22 00 08 00 34 12 5B 00 10 10 00 03 00 
>00000374: 09 07 23 00 00 00 00 
>0000037B: 09 07 24 00 10 00 01 
>00000382: 09 07 25 00 00 00 03 
>00000389: 29 02 
>0000038B: 1C 90 44 00 45 00 36 12 34 12 00 00 04 06 28 00 
>0000039B: 11 84 5F 00 
>0000039F: 58 82 
>000003A1: 4E 04 5E 00 
>000003A5: 30 02 
>000003A7: 29 02 
>000003A9: 29 02 
>000003AB: 29 02 
>000003AD: 07 91 2E 00 31 00 09 00 34 12 52 00 01 10 00 F0 00 
>000003BE: 5B 06 00 00 00 15 
>000003C4: 29 02 
>000003C6: 07 91 2F 00 31 00 0A 00 34 12 52 00 00 10 00 F0 00 
>000003D7: 5B 85 00 00 08 
>000003DC: 5A 82 
>000003DE: 45 8A 11 11 00 00 00 00 00 00 
>000003E8: 51 14 69 00 F4 27 4A A0 00 DF 42 4D B5 52 39 51 13 02 11 3D 
>000003FC: 29 02 
>000003FE: 29 02 
>00000400: 29 02 
>00000402: 11 84 43 00 
>00000406: 12 86 0A 00 63 00 
>0000040C: 13 06 0A 00 11 11 
>00000412: 16 02 
>00000414: 14 0E 0A 00 04 00 01 00 03 00 05 00 07 00 
>00000422: 16 02 
>00000424: 29 02 
>00000426: 29 02 
>00000428: 29 02 
>0000042A: 07 91 30 00 32 00 11 11 01 00 00 00 04 20 00 FA 00 
>0000043B: 5B 06 00 00 00 12 
>00000441: 5B 06 01 00 00 13 
>00000447: 29 02 
>00000449: 07 91 90 00 5B 00 0B 00 04 00 90 00 00 10 00 FF 00 
>0000045A: 0B 02 
>0000045C: 5B 06 00 00 00 10 
>00000462: 5B 06 01 00 00 11 
>00000468: 29 02 
>0000046A: 07 94 91 00 5C 00 0C 00 04 00 91 00 00 11 00 00 FF FF 00 00 
>0000047E: 5B 07 00 00 01 12 00 
>00000485: 5B 07 01 00 01 13 00 
>0000048C: 29 02 
>0000048E: 1C 90 92 00 5D 00 0D 00 04 00 92 00 00 02 14 00 
>0000049E: 29 02 
>000004A0: 05 94 1F 00 1E 00 0E 00 01 00 01 00 00 11 00 00 01 00 00 00 
>000004B4: 09 08 29 00 01 01 00 00 
>000004BC: 09 08 2A 00 11 01 01 00 
>000004C4: 29 02 
>000004C6: 5F 15 35 17 0B 0F A0 87 93 41 B2 66 53 8C 38 AF 48 CE 00 01 00 
>000004DB: 5F 15 35 17 0B 0F A0 87 93 41 B2 66 53 8C 38 AF 48 CE 00 00 10 
>000004F0: 19 82 
>000004F2: 12 86 0A 00 17 00 
>000004F8: 12 06 01 00 01 00 
>000004FE: 15 02 
>00000500: 29 02 
>00000502: 07 91 2D 00 33 00 0F 00 34 12 55 00 00 10 00 F3 01 
>00000513: 5B 06 00 00 00 12 
>00000519: 5B 06 01 00 00 13 
>0000051F: 29 02 
>00000521: 29 02 
>00000523: 07 91 65 00 66 00 39 12 34 12 C6 00 04 20 00 FF 01 
>00000534: 5B 06 00 00 00 12 
>0000053A: 29 02 
>0000053C: 07 91 63 00 64 00 40 12 34 12 C5 00 04 20 00 FF 01 
>0000054D: 5B 06 00 00 00 12 
>00000553: 29 02 
>00000555: 23 8F 63 00 64 00 52 12 34 12 CC 00 04 03 00 
>00000564: 09 07 23 00 00 00 01 
>0000056B: 09 07 24 00 00 00 02 
>00000572: 09 07 25 00 00 00 03 
>00000579: 29 02 
>0000057B: 0D 88 57 00 58 00 00 00 
>00000583: 29 02 
>00000585: 0D 88 59 00 5A 00 01 00 
>0000058D: 29 02 
>0000058F: 19 82 
>00000591: 60 92 07 56 B7 85 CE F7 1E 47 B7 E4 2A EA 5F 72 32 EE 
>000005A3: 17 02 
>000005A5: 29 02 
>000005A7: 03 08 34 00 35 00 00 00 
>000005AF: 29 02 
>000005B1: 07 94 6A 00 6B 00 50 12 01 00 06 00 04 11 00 00 FF 00 00 00 
>000005C5: 5B 07 00 00 01 12 00 
>000005CC: 29 02 
>000005CE: 0C 8F 6C 00 6D 00 30 13 00 00 FF FF 04 00 00 
>000005DD: 29 02 
>000005DF: 0F 0F 37 00 4D 00 10 00 00 00 FF FF 00 02 00 
>000005EE: 0F 0F 38 00 4D 00 11 00 00 00 FF FF 00 03 00 
>000005FD: 0F 0F 39 00 4D 00 12 00 00 00 FF FF 00 04 00 
>0000060C: 0F 0F 3B 00 3C 00 13 00 00 00 FF FF 00 05 00 
>0000061B: 0F 0F 3A 00 4D 00 14 00 00 00 FF FF 00 06 00 
>0000062A: 0F 21 67 00 68 00 15 00 00 00 FF FF 00 01 00 01 00 70 64 F5 B3 41 61 21 46 8F 19 70 4E 57 7A A9 E8 
>0000064B: 5F 9A F4 27 4A A0 00 DF 42 4D B5 52 39 51 13 02 11 3D 21 21 21 21 00 00 00 00 
>00000665: 29 02 
>00000667: 0F 0F 70 00 71 00 16 00 00 00 FF FF 00 07 00 
>00000676: 29 02 
>00000678: 0A 82 
>0000067A: 12 06 02 00 00 00 
>00000680: 01 86 02 00 16 00 
>00000686: 1A 8E 48 00 49 00 17 00 00 00 FF FF 00 10 
>00000694: 5B 09 00 00 06 D4 07 01 01 
>0000069D: 11 84 43 00 
>000006A1: 40 84 17 00 
>000006A5: 44 06 00 00 00 FF 
>000006AB: 35 02 
>000006AD: 42 03 18 
>000006B0: 39 02 
>000006B2: 42 03 1F 
>000006B5: 2F 02 
>000006B7: 40 04 17 00 
>000006BB: 44 06 00 00 FF 00 
>000006C1: 35 02 
>000006C3: 42 03 10 
>000006C6: 39 02 
>000006C8: 42 03 02 
>000006CB: 2F 02 
>000006CD: 40 04 17 00 
>000006D1: 44 06 00 00 FF 00 
>000006D7: 35 02 
>000006D9: 42 03 10 
>000006DC: 39 02 
>000006DE: 42 03 04 
>000006E1: 2F 02 
>000006E3: 16 02 
>000006E5: 40 04 17 00 
>000006E9: 44 06 00 00 FF 00 
>000006EF: 35 02 
>000006F1: 42 03 10 
>000006F4: 39 02 
>000006F6: 42 03 06 
>000006F9: 2F 02 
>000006FB: 16 02 
>000006FD: 40 04 17 00 
>00000701: 44 06 00 00 FF 00 
>00000707: 35 02 
>00000709: 42 03 10 
>0000070C: 39 02 
>0000070E: 42 03 09 
>00000711: 2F 02 
>00000713: 16 02 
>00000715: 40 04 17 00 
>00000719: 44 06 00 00 FF 00 
>0000071F: 35 02 
>00000721: 42 03 10 
>00000724: 39 02 
>00000726: 42 03 0B 
>00000729: 2F 02 
>0000072B: 16 02 
>0000072D: 15 02 
>0000072F: 29 02 
>00000731: 29 02 
>00000733: 11 84 43 00 
>00000737: 40 84 17 00 
>0000073B: 44 06 00 00 00 FF 
>00000741: 35 02 
>00000743: 42 03 18 
>00000746: 39 02 
>00000748: 42 03 1E 
>0000074B: 2F 02 
>0000074D: 40 04 17 00 
>00000751: 44 06 00 00 FF 00 
>00000757: 35 02 
>00000759: 42 03 10 
>0000075C: 39 02 
>0000075E: 42 03 02 
>00000761: 2F 02 
>00000763: 15 02 
>00000765: 29 02 
>00000767: 29 02 
>00000769: 11 84 43 00 
>0000076D: 40 84 17 00 
>00000771: 44 06 00 00 00 FF 
>00000777: 35 02 
>00000779: 42 03 18 
>0000077C: 39 02 
>0000077E: 42 03 1D 
>00000781: 2F 02 
>00000783: 40 04 17 00 
>00000787: 44 06 00 00 FF 00 
>0000078D: 35 02 
>0000078F: 42 03 10 
>00000792: 39 02 
>00000794: 42 03 02 
>00000797: 2F 02 
>00000799: 15 02 
>0000079B: 40 04 17 00 
>0000079F: 44 06 FF FF 00 00 
>000007A5: 35 02 
>000007A7: 42 03 00 
>000007AA: 39 02 
>000007AC: 43 04 D4 07 
>000007B0: 2F 02 
>000007B2: 40 04 17 00 
>000007B6: 44 06 FF FF 00 00 
>000007BC: 35 02 
>000007BE: 42 03 00 
>000007C1: 39 02 
>000007C3: 43 04 D8 07 
>000007C7: 2F 02 
>000007C9: 16 02 
>000007CB: 40 04 17 00 
>000007CF: 44 06 FF FF 00 00 
>000007D5: 35 02 
>000007D7: 42 03 00 
>000007DA: 39 02 
>000007DC: 43 04 2C 4E 
>000007E0: 2F 02 
>000007E2: 16 02 
>000007E4: 40 04 17 00 
>000007E8: 44 06 FF FF 00 00 
>000007EE: 35 02 
>000007F0: 42 03 00 
>000007F3: 39 02 
>000007F5: 43 04 30 4E 
>000007F9: 2F 02 
>000007FB: 16 02 
>000007FD: 40 04 17 00 
>00000801: 44 06 FF FF 00 00 
>00000807: 35 02 
>00000809: 42 03 00 
>0000080C: 39 02 
>0000080E: 43 04 E4 07 
>00000812: 2F 02 
>00000814: 16 02 
>00000816: 40 04 17 00 
>0000081A: 44 06 FF FF 00 00 
>00000820: 35 02 
>00000822: 42 03 00 
>00000825: 39 02 
>00000827: 43 04 E8 07 
>0000082B: 2F 02 
>0000082D: 16 02 
>0000082F: 40 04 17 00 
>00000833: 44 06 FF FF 00 00 
>00000839: 35 02 
>0000083B: 42 03 00 
>0000083E: 39 02 
>00000840: 43 04 EC 07 
>00000844: 2F 02 
>00000846: 16 02 
>00000848: 40 04 17 00 
>0000084C: 44 06 FF FF 00 00 
>00000852: 35 02 
>00000854: 42 03 00 
>00000857: 39 02 
>00000859: 43 04 F0 07 
>0000085D: 2F 02 
>0000085F: 16 02 
>00000861: 40 04 17 00 
>00000865: 44 06 FF FF 00 00 
>0000086B: 35 02 
>0000086D: 42 03 00 
>00000870: 39 02 
>00000872: 43 04 F4 07 
>00000876: 2F 02 
>00000878: 16 02 
>0000087A: 17 02 
>0000087C: 15 02 
>0000087E: 29 02 
>00000880: 29 02 
>00000882: 29 02 
>00000884: 0C 8F 55 00 55 00 41 12 00 00 FF FF 04 00 00 
>00000893: 29 02 
>00000895: 0C 8F 52 00 52 00 42 12 00 00 FF FF 04 00 00 
>000008A4: 29 02 
>000008A6: 1B 8E 4A 00 4B 00 18 00 00 00 FF FF 00 10 
>000008B4: 29 02 
>000008B6: 1B 8E 4A 00 4A 00 19 00 34 12 C7 00 00 04 
>000008C4: 5B 08 00 00 05 0F 21 21 
>000008CC: 29 02 
>000008CE: 06 8E 2B 00 2C 00 1A 00 34 12 5C 00 00 01 
>000008DC: 29 02 
>000008DE: 03 08 46 00 4C 00 00 00 
>000008E6: 03 08 46 00 4C 00 47 00 
>000008EE: 0F 0F 36 00 4D 00 1B 00 00 00 FF FF 00 01 00 
>000008FD: 0F 8D 3F 00 41 00 48 12 34 12 7F 00 04 
>0000090A: 5B 1B 00 00 0C 00 00 00 00 00 00 00 00 00 00 00 00 00 00 00 00 00 00 00 00 56 00 
>00000925: 29 02 
>00000927: 0F 0D 40 00 42 00 49 12 00 00 FF FF 04 
>00000934: 29 02 
>00000936: 29 02 
>00000938: 01 86 03 00 17 00 
>0000093E: 0A 82 
>00000940: 12 06 11 11 6F 00 
>00000946: 03 08 46 00 4C 00 00 00 
>0000094E: 29 02 
>00000950: 0F 0F 36 00 4D 00 1C 00 00 00 FF FF 00 01 00 
>0000095F: 07 91 2F 00 31 00 78 56 34 12 77 00 04 10 00 FF 00 
>00000970: 5B 06 00 00 00 00 
>00000976: 1D 03 03 
>00000979: 29 02 
>0000097B: 19 82 
>0000097D: 4E 84 AE 00 
>00000981: 4E 04 AD 00 
>00000985: 64 12 51 0A E6 63 7D 49 27 D4 C4 A5 B8 AB DC 3A AE B6 
>00000997: 29 02 
>00000999: 07 91 AB 00 AC 00 1D 00 34 12 CB 00 00 10 00 F3 00 
>000009AA: 29 02 
>000009AC: 29 02 
>000009AE: 5F 15 35 17 0B 0F A0 87 93 41 B2 66 53 8C 38 AF 48 CE 00 34 22 
>000009C3: 5F 15 35 17 0B 0F A0 87 93 41 B2 66 53 8C 38 AF 48 CE 00 23 22 
>000009D8: 29 02 
>000009DA: 5D A8 04 00 93 00 F4 27 4A A0 00 DF 42 4D B5 52 39 51 13 02 11 3D 94 00 EC F4 D2 3B 24 E5 E4 46 A9 D8 51 01 17 42 55 62 
>00000A02: 05 91 95 00 22 00 1E 00 34 12 C0 00 00 10 00 04 00 
>00000A13: 2D 02 
>00000A15: 2B 87 34 12 C1 00 00 
>00000A1C: 45 0A 00 00 00 00 00 00 00 00 
>00000A26: 30 02 
>00000A28: 45 0A 00 00 00 00 00 00 00 00 
>00000A32: 2B 07 34 12 C2 00 01 
>00000A39: 45 0A 00 0F 00 00 00 00 00 00 
>00000A43: 35 02 
>00000A45: 45 0A 08 00 00 00 00 00 00 00 
>00000A4F: 39 02 
>00000A51: 2B 07 34 12 C4 00 00 
>00000A58: 45 0A 01 00 00 00 00 00 00 00 
>00000A62: 3B 02 
>00000A64: 2F 02 
>00000A66: 55 02 
>00000A68: 2B 07 34 12 C2 00 01 
>00000A6F: 22 82 
>00000A71: 45 0A F8 03 00 00 00 00 00 00 
>00000A7B: 45 0A 01 00 00 00 00 00 00 00 
>00000A85: 45 0A F8 02 00 00 00 00 00 00 
>00000A8F: 45 0A 02 00 00 00 00 00 00 00 
>00000A99: 45 0A E8 03 00 00 00 00 00 00 
>00000AA3: 45 0A 03 00 00 00 00 00 00 00 
>00000AAD: 45 0A E8 02 00 00 00 00 00 00 
>00000AB7: 45 0A 04 00 00 00 00 00 00 00 
>00000AC1: 29 02 
>00000AC3: 50 02 
>00000AC5: 50 02 
>00000AC7: 29 02 
>00000AC9: 2E 02 
>00000ACB: 58 82 
>00000ACD: 45 0A 00 00 00 00 00 00 00 00 
>00000AD7: 30 02 
>00000AD9: 2C 07 34 12 C1 00 00 
>00000AE0: 58 02 
>00000AE2: 22 82 
>00000AE4: 45 0A 01 00 00 00 00 00 00 00 
>00000AEE: 45 0A F8 03 00 00 00 00 00 00 
>00000AF8: 45 0A 02 00 00 00 00 00 00 00 
>00000B02: 45 0A F8 02 00 00 00 00 00 00 
>00000B0C: 45 0A 03 00 00 00 00 00 00 00 
>00000B16: 45 0A E8 03 00 00 00 00 00 00 
>00000B20: 45 0A 04 00 00 00 00 00 00 00 
>00000B2A: 45 0A E8 02 00 00 00 00 00 00 
>00000B34: 29 02 
>00000B36: 2C 07 34 12 C2 00 01 
>00000B3D: 15 02 
>00000B3F: 58 02 
>00000B41: 22 82 
>00000B43: 45 0A 01 00 00 00 00 00 00 00 
>00000B4D: 45 0A 04 00 00 00 00 00 00 00 
>00000B57: 45 0A 02 00 00 00 00 00 00 00 
>00000B61: 45 0A 03 00 00 00 00 00 00 00 
>00000B6B: 45 0A 03 00 00 00 00 00 00 00 
>00000B75: 45 0A 04 00 00 00 00 00 00 00 
>00000B7F: 45 0A 04 00 00 00 00 00 00 00 
>00000B89: 45 0A 03 00 00 00 00 00 00 00 
>00000B93: 29 02 
>00000B95: 2C 07 34 12 C4 00 00 
>00000B9C: 15 02 
>00000B9E: 29 02 
>00000BA0: 09 07 96 00 10 00 00 
>00000BA7: 09 07 97 00 00 00 01 
>00000BAE: 09 07 98 00 00 00 02 
>00000BB5: 09 07 99 00 00 00 03 
>00000BBC: 09 07 9A 00 00 00 04 
>00000BC3: 29 02 
>00000BC5: 19 82 
>00000BC7: 46 02 
>00000BC9: 06 8E 9B 00 2C 00 1F 00 34 12 C1 00 00 00 
>00000BD7: 29 02 
>00000BD9: 29 02 
>00000BDB: 19 82 
>00000BDD: 46 02 
>00000BDF: 0A 82 
>00000BE1: 12 06 1F 00 00 00 
>00000BE7: 05 94 9C 00 22 00 20 00 34 12 C2 00 00 11 E8 02 F8 03 00 00 
>00000BFB: 09 08 9E 00 11 01 F8 03 
>00000C03: 09 08 9F 00 01 01 F8 02 
>00000C0B: 09 08 A0 00 01 01 E8 03 
>00000C13: 09 08 A1 00 01 01 E8 02 
>00000C1B: 29 02 
>00000C1D: 29 02 
>00000C1F: 29 02 
>00000C21: 19 82 
>00000C23: 46 02 
>00000C25: 0A 82 
>00000C27: 12 06 1F 00 00 00 
>00000C2D: 05 91 9D 00 22 00 21 00 34 12 C4 00 00 10 03 04 00 
>00000C3E: 09 07 A2 00 10 00 04 
>00000C45: 09 07 A3 00 00 00 03 
>00000C4C: 29 02 
>00000C4E: 29 02 
>00000C50: 29 02 
>00000C52: 0F 0F 36 00 4D 00 22 00 00 00 FF FF 00 01 00 
>00000C61: 29 02 
>00000C63: 01 86 05 00 62 00 
>00000C69: 61 02 
>00000C6B: 0C 8F 50 00 50 00 45 12 00 00 FF FF 04 00 00 
>00000C7A: 29 02 
>00000C7C: 0C 8F 51 00 51 00 46 12 00 00 FF FF 04 00 00 
>00000C8B: 29 02 
>00000C8D: 29 02 
>00000C8F: 01 86 06 00 18 00 
>00000C95: 03 08 60 00 60 00 00 00 
>00000C9D: 07 91 61 00 31 00 47 12 34 12 CA 00 04 10 00 FF 00 
>00000CAE: 5B 06 00 00 00 00 
>00000CB4: 62 12 D9 55 E6 F5 A6 02 F2 46 9E 76 B8 BE 8E 60 AB 22 
>00000CC6: 29 02 
>00000CC8: 5F 15 35 17 0B 0F A0 87 93 41 B2 66 53 8C 38 AF 48 CE 00 34 32 
>00000CDD: 5F 15 35 17 0B 0F A0 87 93 41 B2 66 53 8C 38 AF 48 CE 00 23 22 
>00000CF2: 29 02 
>00000CF4: 01 86 34 12 19 00 
>00000CFA: 5F 15 35 17 0B 0F A0 87 93 41 B2 66 53 8C 38 AF 48 CE 00 34 12 
>00000D0F: 5F 15 35 17 0B 0F A0 87 93 41 B2 66 53 8C 38 AF 48 CE 00 23 22 
>00000D24: 29 02 
>00000D26: 01 86 07 00 6F 00 
>00000D2C: 02 87 72 00 00 00 00 
>00000D33: 29 02 
>00000D35: 5F 92 8B D6 DD 82 63 91 87 41 9B 27 20 A8 FD 60 A7 1D 
>00000D47: 06 8E 77 00 78 00 23 00 02 00 11 00 00 01 
>00000D55: 29 02 
>00000D57: 29 02 
>00000D59: 5F 92 8B D6 DD 82 63 91 87 41 9B 27 20 A8 FD 60 A7 1D 
>00000D6B: 05 9A 79 00 7A 00 24 00 02 00 12 00 00 42 00 00 00 00 01 00 00 00 00 00 00 00 
>00000D85: 09 0A 29 00 20 02 00 00 00 00 
>00000D8F: 09 0A 2A 00 10 02 01 00 00 00 
>00000D99: 29 02 
>00000D9B: 29 02 
>00000D9D: 5F 92 8B D6 DD 82 63 91 87 41 9B 27 20 A8 FD 60 A7 1D 
>00000DAF: 07 9A 7B 00 7F 00 66 66 02 00 18 00 04 84 02 00 00 00 0F 00 00 00 01 00 00 00 
>00000DC9: 29 02 
>00000DCB: 29 02 
>00000DCD: 05 94 7D 00 7E 00 25 00 02 00 00 00 00 11 00 00 01 00 00 00 
>00000DE1: 09 08 29 00 21 01 00 00 
>00000DE9: 09 08 2A 00 11 01 01 00 
>00000DF1: 29 02 
>00000DF3: 02 87 1B 00 00 00 00 
>00000DFA: 29 02 
>00000DFC: 02 87 73 00 00 00 00 
>00000E03: 29 02 
>00000E05: 5F 92 8B D6 DD 82 63 91 87 41 9B 27 20 A8 FD 60 A7 1D 
>00000E17: 06 8E 80 00 81 00 26 00 02 00 33 00 00 01 
>00000E25: 29 02 
>00000E27: 29 02 
>00000E29: 19 82 
>00000E2B: 12 06 31 00 00 00 
>00000E31: 5F 92 8B D6 DD 82 63 91 87 41 9B 27 20 A8 FD 60 A7 1D 
>00000E43: 07 9A 84 00 85 00 27 00 02 00 25 00 00 44 00 00 00 00 07 00 00 00 00 00 00 00 
>00000E5D: 5B 09 00 00 02 04 00 00 00 
>00000E66: 5B 09 01 00 02 05 00 00 00 
>00000E6F: 29 02 
>00000E71: 29 02 
>00000E73: 29 02 
>00000E75: 5F 92 8B D6 DD 82 63 91 87 41 9B 27 20 A8 FD 60 A7 1D 
>00000E87: 05 9A 82 00 83 00 99 99 02 00 29 00 00 4A 00 00 00 00 01 00 00 00 00 00 00 00 
>00000EA1: 09 0A 29 00 22 02 00 00 00 00 
>00000EAB: 09 0A 2A 00 12 02 01 00 00 00 
>00000EB5: 29 02 
>00000EB7: 29 02 
>00000EB9: 02 87 1B 00 00 00 00 
>00000EC0: 29 02 
>00000EC2: 02 87 74 00 00 00 00 
>00000EC9: 29 02 
>00000ECB: 5F 92 8B D6 DD 82 63 91 87 41 9B 27 20 A8 FD 60 A7 1D 
>00000EDD: 06 8E 77 00 78 00 28 00 34 12 B1 06 00 01 
>00000EEB: 29 02 
>00000EED: 29 02 
>00000EEF: 5F 92 8B D6 DD 82 63 91 87 41 9B 27 20 A8 FD 60 A7 1D 
>00000F01: 05 9A 79 00 7A 00 29 00 34 12 B2 06 00 42 00 00 00 00 01 00 00 00 00 00 00 00 
>00000F1B: 09 0A 29 00 20 02 00 00 00 00 
>00000F25: 09 0A 2A 00 10 02 01 00 00 00 
>00000F2F: 29 02 
>00000F31: 29 02 
>00000F33: 5F 92 8B D6 DD 82 63 91 87 41 9B 27 20 A8 FD 60 A7 1D 
>00000F45: 07 9A 7B 00 7C 00 2A 00 34 12 B8 06 00 44 00 00 00 00 07 00 00 00 00 00 00 00 
>00000F5F: 5B 09 00 00 02 06 00 00 00 
>00000F68: 5B 09 01 00 02 07 00 00 00 
>00000F71: 29 02 
>00000F73: 29 02 
>00000F75: 05 94 7D 00 7E 00 2B 00 34 12 D4 00 00 11 00 00 01 00 00 00 
>00000F89: 09 08 29 00 21 01 00 00 
>00000F91: 09 08 2A 00 11 01 01 00 
>00000F99: 29 02 
>00000F9B: 02 87 1B 00 00 00 00 
>00000FA2: 29 02 
>00000FA4: 02 87 75 00 00 00 00 
>00000FAB: 29 02 
>00000FAD: 5F 92 8B D6 DD 82 63 91 87 41 9B 27 20 A8 FD 60 A7 1D 
>00000FBF: 05 9A 82 00 83 00 2C 00 34 12 80 06 00 46 00 00 00 00 01 00 00 00 00 00 00 00 
>00000FD9: 09 0A 29 00 21 02 00 00 00 00 
>00000FE3: 09 0A 2A 00 11 02 01 00 00 00 
>00000FED: 29 02 
>00000FEF: 29 02 
>00000FF1: 5F 92 8B D6 DD 82 63 91 87 41 9B 27 20 A8 FD 60 A7 1D 
>00001003: 06 8E 80 00 81 00 2D 00 34 12 78 06 00 01 
>00001011: 29 02 
>00001013: 29 02 
>00001015: 5F 92 8B D6 DD 82 63 91 87 41 9B 27 20 A8 FD 60 A7 1D 
>00001027: 07 9A 84 00 86 00 2E 00 34 12 90 06 00 4C 00 00 00 00 14 00 00 00 00 00 00 00 
>00001041: 5B 09 00 00 02 10 00 00 00 
>0000104A: 5B 09 01 00 02 11 00 00 00 
>00001053: 29 02 
>00001055: 29 02 
>00001057: 02 87 1B 00 00 00 00 
>0000105E: 29 02 
>00001060: 02 87 76 00 00 00 00 
>00001067: 29 02 
>00001069: 07 91 87 00 88 00 2F 00 03 00 00 00 00 10 00 14 00 
>0000107A: 5B 06 00 00 00 07 
>00001080: 5B 06 01 00 00 08 
>00001086: 29 02 
>00001088: 5F 92 8B D6 DD 82 63 91 87 41 9B 27 20 A8 FD 60 A7 1D 
>0000109A: 07 9A 89 00 8A 00 30 00 03 00 00 00 00 4A 00 00 00 00 14 00 00 00 00 00 00 00 
>000010B4: 5B 09 00 00 02 07 00 00 00 
>000010BD: 5B 09 01 00 02 08 00 00 00 
>000010C6: 29 02 
>000010C8: 29 02 
>000010CA: 5F 9A F4 27 4A A0 00 DF 42 4D B5 52 39 51 13 02 11 3D 00 00 00 00 20 02 08 00 
>000010E4: 29 02 
>000010E6: 1E 82 
>000010E8: 46 02 
>000010EA: 5F 92 8B D6 DD 82 63 91 87 41 9B 27 20 A8 FD 60 A7 1D 
>000010FC: 07 9A 00 00 00 00 31 00 02 00 20 00 00 45 00 00 00 00 1F 00 00 00 00 00 00 00 
>00001116: 29 02 
>00001118: 29 02 
>0000111A: 29 02 
>0000111C: 29 02 
>0000111E: 29 02 

Total Size of all record is 0x00001120


***************************************************************
		mPackAlign = 1
		struct MY_EFI_BITS_VARSTORE_DATA : mAlign [1] mTotalSize [0x8]

		struct MY_EFI_BITS_VARSTORE_DATA {
			+00000000[00000000] BitsData <MY_BITS_DATA>
			+00000004[00000004] EfiBitGrayoutTest <UINT32>
			+00000004[00000004] EfiBitNumeric <UINT32>
			+00000004[00000004] EfiBitOneof <UINT32>
			+00000004[00000004] EfiBitCheckbox <UINT32>
		};
---------------------------------------------------------------
		struct MY_EFI_VARSTORE_DATA : mAlign [1] mTotalSize [0x8]

		struct MY_EFI_VARSTORE_DATA {
			+00000000[00000000] Field8 <UINT8>
			+00000001[00000001] Field16 <UINT16>
			+00000003[00000003] OrderedList[3] <UINT8>
			+00000006[00000006] SubmittedCallback <UINT16>
		};
---------------------------------------------------------------
		struct DRIVER_SAMPLE_CONFIGURATION : mAlign [1] mTotalSize [0xda]

		struct DRIVER_SAMPLE_CONFIGURATION {
			+00000000[00000000] MyStringData[40] <UINT16>
			+00000080[00000050] SomethingHiddenForHtml <UINT16>
			+00000082[00000052] HowOldAreYouInYearsManual <UINT8>
			+00000083[00000053] HowTallAreYouManual <UINT16>
			+00000085[00000055] HowOldAreYouInYears <UINT8>
			+00000086[00000056] HowTallAreYou <UINT16>
			+00000088[00000058] MyFavoriteNumber <UINT8>
			+00000089[00000059] TestLateCheck <UINT8>
			+00000090[0000005a] TestLateCheck2 <UINT8>
			+00000091[0000005b] QuestionAboutTreeHugging <UINT8>
			+00000092[0000005c] ChooseToActivateNuclearWeaponry <UINT8>
			+00000093[0000005d] SuppressGrayOutSomething <UINT8>
			+00000094[0000005e] OrderedList[8] <UINT8>
			+00000102[00000066] BootOrder[8] <UINT16>
			+00000118[00000076] BootOrderLarge <UINT8>
			+00000119[00000077] DynamicRefresh <UINT8>
			+00000120[00000078] DynamicOneof <UINT8>
			+00000121[00000079] DynamicOrderedList[5] <UINT8>
			+00000126[0000007e] Reserved <UINT8>
			+00000127[0000007f] RefData <EFI_HII_REF>
			+00000149[00000095] NameValueVar0 <UINT8>
			+00000150[00000096] NameValueVar1 <UINT16>
			+00000152[00000098] NameValueVar2[20] <UINT16>
			+00000192[000000c0] SerialPortNo <UINT8>
			+00000193[000000c1] SerialPortStatus <UINT8>
			+00000194[000000c2] SerialPortIo <UINT16>
			+00000196[000000c4] SerialPortIrq <UINT8>
			+00000197[000000c5] GetDefaultValueFromCallBack <UINT8>
			+00000198[000000c6] GetDefaultValueFromAccess <UINT8>
			+00000199[000000c7] Time <EFI_HII_TIME>
			+00000202[000000ca] RefreshGuidCount <UINT8>
			+00000203[000000cb] Match2 <UINT8>
			+00000204[000000cc] GetDefaultValueFromCallBackForOrderedList[3] <UINT8>
			+00000207[000000cf] BitCheckbox <UINT8>
			+00000208[000000d0] BitOneof <UINT16>
			+00000210[000000d2] BitNumeric <UINT16>
			+00000212[000000d4] MyBitData <MY_BITS_DATA>
			+00000216[000000d8] MyUnionData <MY_EFI_UNION_DATA>
		};
---------------------------------------------------------------
		struct MY_EFI_UNION_DATA : mAlign [1] mTotalSize [0x2]

		struct MY_EFI_UNION_DATA {
			+00000000[00000000] BitField <UINT16>
			+00000000[00000000] ByteField <UINT8>
		};
---------------------------------------------------------------
		struct MY_BITS_DATA : mAlign [1] mTotalSize [0x4]

		struct MY_BITS_DATA {
			+00000000[00000000] NestByteField <UINT16>
			+00000002[00000002]  <UINT8>
			+00000002[00000002] NestBitCheckbox <UINT8>
			+00000002[00000002] NestBitOneof <UINT8>
			+00000002[00000002]  <UINT8>
			+00000003[00000003] NestBitNumeric <UINT8>
		};
---------------------------------------------------------------
		struct EFI_HII_REF : mAlign [16] mTotalSize [0x16]

		struct EFI_HII_REF {
			+00000000[00000000] QuestionId <UINT16>
			+00000002[00000002] FormId <UINT16>
			+00000004[00000004] FormSetGuid <(null)>
			+00000020[00000014] DevicePath <EFI_STRING_ID>
		};
---------------------------------------------------------------
		struct EFI_HII_TIME : mAlign [1] mTotalSize [0x3]

		struct EFI_HII_TIME {
			+00000000[00000000] Hours <UINT8>
			+00000001[00000001] Minutes <UINT8>
			+00000002[00000002] Seconds <UINT8>
		};
---------------------------------------------------------------
		struct EFI_STRING_ID : mAlign [2] mTotalSize [0x2]

		struct EFI_STRING_ID {
		};
---------------------------------------------------------------
		struct EFI_HII_DATE : mAlign [2] mTotalSize [0x4]

		struct EFI_HII_DATE {
			+00000000[00000000] Year <UINT16>
			+00000002[00000002] Month <UINT8>
			+00000003[00000003] Day <UINT8>
		};
---------------------------------------------------------------
		struct BOOLEAN : mAlign [1] mTotalSize [0x1]

		struct BOOLEAN {
		};
---------------------------------------------------------------
		struct UINT8 : mAlign [1] mTotalSize [0x1]

		struct UINT8 {
		};
---------------------------------------------------------------
		struct UINT16 : mAlign [2] mTotalSize [0x2]

		struct UINT16 {
		};
---------------------------------------------------------------
		struct UINT32 : mAlign [4] mTotalSize [0x4]

		struct UINT32 {
		};
---------------------------------------------------------------
		struct UINT64 : mAlign [8] mTotalSize [0x8]

		struct UINT64 {
		};
---------------------------------------------------------------
***************************************************************
