/mnt/c/SerranonOS/UEFI/vUDK2017/Build/DuetPkgX64/DEBUG_GCC5/X64/MdePkg/Library/BasePcdLibNull/BasePcdLibNull/OUTPUT/BasePcdLibNull.lib
/mnt/c/SerranonOS/UEFI/vUDK2017/Build/DuetPkgX64/DEBUG_GCC5/X64/MdePkg/Library/BaseDebugLibNull/BaseDebugLibNull/OUTPUT/BaseDebugLibNull.lib
/mnt/c/SerranonOS/UEFI/vUDK2017/Build/DuetPkgX64/DEBUG_GCC5/X64/MdePkg/Library/BaseMemoryLib/BaseMemoryLib/OUTPUT/BaseMemoryLib.lib
/mnt/c/SerranonOS/UEFI/vUDK2017/Build/DuetPkgX64/DEBUG_GCC5/X64/MdePkg/Library/BaseLib/BaseLib/OUTPUT/BaseLib.lib
/mnt/c/SerranonOS/UEFI/vUDK2017/Build/DuetPkgX64/DEBUG_GCC5/X64/MdePkg/Library/UefiBootServicesTableLib/UefiBootServicesTableLib/OUTPUT/UefiBootServicesTableLib.lib
/mnt/c/SerranonOS/UEFI/vUDK2017/Build/DuetPkgX64/DEBUG_GCC5/X64/MdePkg/Library/BasePrintLib/BasePrintLib/OUTPUT/BasePrintLib.lib
/mnt/c/SerranonOS/UEFI/vUDK2017/Build/DuetPkgX64/DEBUG_GCC5/X64/MdePkg/Library/UefiMemoryAllocationLib/UefiMemoryAllocationLib/OUTPUT/UefiMemoryAllocationLib.lib
/mnt/c/SerranonOS/UEFI/vUDK2017/Build/DuetPkgX64/DEBUG_GCC5/X64/MdePkg/Library/UefiRuntimeServicesTableLib/UefiRuntimeServicesTableLib/OUTPUT/UefiRuntimeServicesTableLib.lib
/mnt/c/SerranonOS/UEFI/vUDK2017/Build/DuetPkgX64/DEBUG_GCC5/X64/MdePkg/Library/UefiDevicePathLib/UefiDevicePathLib/OUTPUT/UefiDevicePathLib.lib
/mnt/c/SerranonOS/UEFI/vUDK2017/Build/DuetPkgX64/DEBUG_GCC5/X64/MdePkg/Library/BaseIoLibIntrinsic/BaseIoLibIntrinsic/OUTPUT/BaseIoLibIntrinsic.lib
/mnt/c/SerranonOS/UEFI/vUDK2017/Build/DuetPkgX64/DEBUG_GCC5/X64/MdePkg/Library/UefiLib/UefiLib/OUTPUT/UefiLib.lib
/mnt/c/SerranonOS/UEFI/vUDK2017/Build/DuetPkgX64/DEBUG_GCC5/X64/MdePkg/Library/BasePciCf8Lib/BasePciCf8Lib/OUTPUT/BasePciCf8Lib.lib
/mnt/c/SerranonOS/UEFI/vUDK2017/Build/DuetPkgX64/DEBUG_GCC5/X64/MdePkg/Library/DxeHobLib/DxeHobLib/OUTPUT/DxeHobLib.lib
/mnt/c/SerranonOS/UEFI/vUDK2017/Build/DuetPkgX64/DEBUG_GCC5/X64/MdePkg/Library/BasePciLibCf8/BasePciLibCf8/OUTPUT/BasePciLibCf8.lib
/mnt/c/SerranonOS/UEFI/vUDK2017/Build/DuetPkgX64/DEBUG_GCC5/X64/MdeModulePkg/Library/BasePlatformHookLibNull/BasePlatformHookLibNull/OUTPUT/BasePlatformHookLibNull.lib
/mnt/c/SerranonOS/UEFI/vUDK2017/Build/DuetPkgX64/DEBUG_GCC5/X64/DuetPkg/Library/DuetTimerLib/DuetTimerLib/OUTPUT/DuetTimerLib.lib
/mnt/c/SerranonOS/UEFI/vUDK2017/Build/DuetPkgX64/DEBUG_GCC5/X64/MdePkg/Library/BaseCpuLib/BaseCpuLib/OUTPUT/BaseCpuLib.lib
/mnt/c/SerranonOS/UEFI/vUDK2017/Build/DuetPkgX64/DEBUG_GCC5/X64/MdePkg/Library/BasePeCoffGetEntryPointLib/BasePeCoffGetEntryPointLib/OUTPUT/BasePeCoffGetEntryPointLib.lib
/mnt/c/SerranonOS/UEFI/vUDK2017/Build/DuetPkgX64/DEBUG_GCC5/X64/MdeModulePkg/Library/BaseSerialPortLib16550/BaseSerialPortLib16550/OUTPUT/BaseSerialPortLib16550.lib
/mnt/c/SerranonOS/UEFI/vUDK2017/Build/DuetPkgX64/DEBUG_GCC5/X64/MdePkg/Library/BaseSynchronizationLib/BaseSynchronizationLib/OUTPUT/BaseSynchronizationLib.lib
/mnt/c/SerranonOS/UEFI/vUDK2017/Build/DuetPkgX64/DEBUG_GCC5/X64/UefiCpuPkg/Library/BaseXApicLib/BaseXApicLib/OUTPUT/BaseXApicLib.lib
/mnt/c/SerranonOS/UEFI/vUDK2017/Build/DuetPkgX64/DEBUG_GCC5/X64/MdeModulePkg/Library/DebugAgentLibNull/DebugAgentLibNull/OUTPUT/DebugAgentLibNull.lib
/mnt/c/SerranonOS/UEFI/vUDK2017/Build/DuetPkgX64/DEBUG_GCC5/X64/UefiCpuPkg/Library/BaseUefiCpuLib/BaseUefiCpuLib/OUTPUT/BaseUefiCpuLib.lib
/mnt/c/SerranonOS/UEFI/vUDK2017/Build/DuetPkgX64/DEBUG_GCC5/X64/UefiCpuPkg/Library/MtrrLib/MtrrLib/OUTPUT/MtrrLib.lib
/mnt/c/SerranonOS/UEFI/vUDK2017/Build/DuetPkgX64/DEBUG_GCC5/X64/MdePkg/Library/DxeServicesTableLib/DxeServicesTableLib/OUTPUT/DxeServicesTableLib.lib
/mnt/c/SerranonOS/UEFI/vUDK2017/Build/DuetPkgX64/DEBUG_GCC5/X64/MdePkg/Library/UefiDriverEntryPoint/UefiDriverEntryPoint/OUTPUT/UefiDriverEntryPoint.lib
/mnt/c/SerranonOS/UEFI/vUDK2017/Build/DuetPkgX64/DEBUG_GCC5/X64/UefiCpuPkg/Library/CpuExceptionHandlerLib/DxeCpuExceptionHandlerLib/OUTPUT/DxeCpuExceptionHandlerLib.lib
/mnt/c/SerranonOS/UEFI/vUDK2017/Build/DuetPkgX64/DEBUG_GCC5/X64/MdePkg/Library/BaseReportStatusCodeLibNull/BaseReportStatusCodeLibNull/OUTPUT/BaseReportStatusCodeLibNull.lib
/mnt/c/SerranonOS/UEFI/vUDK2017/Build/DuetPkgX64/DEBUG_GCC5/X64/UefiCpuPkg/Library/MpInitLib/DxeMpInitLib/OUTPUT/DxeMpInitLib.lib
/mnt/c/SerranonOS/UEFI/vUDK2017/Build/DuetPkgX64/DEBUG_GCC5/X64/UefiCpuPkg/CpuDxe/CpuDxe/OUTPUT/CpuDxe.lib