/mnt/c/SerranonOS/UEFI/vUDK2017/Build/DuetPkgX64/DEBUG_GCC5/X64/MdePkg/Library/DxePcdLib/DxePcdLib/OUTPUT/DxePcdLib.lib
/mnt/c/SerranonOS/UEFI/vUDK2017/Build/DuetPkgX64/DEBUG_GCC5/X64/MdePkg/Library/BaseDebugLibNull/BaseDebugLibNull/OUTPUT/BaseDebugLibNull.lib
/mnt/c/SerranonOS/UEFI/vUDK2017/Build/DuetPkgX64/DEBUG_GCC5/X64/MdePkg/Library/BaseMemoryLib/BaseMemoryLib/OUTPUT/BaseMemoryLib.lib
/mnt/c/SerranonOS/UEFI/vUDK2017/Build/DuetPkgX64/DEBUG_GCC5/X64/MdePkg/Library/BaseLib/BaseLib/OUTPUT/BaseLib.lib
/mnt/c/SerranonOS/UEFI/vUDK2017/Build/DuetPkgX64/DEBUG_GCC5/X64/MdePkg/Library/UefiBootServicesTableLib/UefiBootServicesTableLib/OUTPUT/UefiBootServicesTableLib.lib
/mnt/c/SerranonOS/UEFI/vUDK2017/Build/DuetPkgX64/DEBUG_GCC5/X64/MdePkg/Library/BasePrintLib/BasePrintLib/OUTPUT/BasePrintLib.lib
/mnt/c/SerranonOS/UEFI/vUDK2017/Build/DuetPkgX64/DEBUG_GCC5/X64/MdePkg/Library/UefiMemoryAllocationLib/UefiMemoryAllocationLib/OUTPUT/UefiMemoryAllocationLib.lib
/mnt/c/SerranonOS/UEFI/vUDK2017/Build/DuetPkgX64/DEBUG_GCC5/X64/MdePkg/Library/UefiRuntimeServicesTableLib/UefiRuntimeServicesTableLib/OUTPUT/UefiRuntimeServicesTableLib.lib
/mnt/c/SerranonOS/UEFI/vUDK2017/Build/DuetPkgX64/DEBUG_GCC5/X64/MdePkg/Library/UefiDevicePathLib/UefiDevicePathLib/OUTPUT/UefiDevicePathLib.lib
/mnt/c/SerranonOS/UEFI/vUDK2017/Build/DuetPkgX64/DEBUG_GCC5/X64/MdePkg/Library/UefiLib/UefiLib/OUTPUT/UefiLib.lib
/mnt/c/SerranonOS/UEFI/vUDK2017/Build/DuetPkgX64/DEBUG_GCC5/X64/MdePkg/Library/BaseIoLibIntrinsic/BaseIoLibIntrinsic/OUTPUT/BaseIoLibIntrinsic.lib
/mnt/c/SerranonOS/UEFI/vUDK2017/Build/DuetPkgX64/DEBUG_GCC5/X64/MdePkg/Library/DxeHobLib/DxeHobLib/OUTPUT/DxeHobLib.lib
/mnt/c/SerranonOS/UEFI/vUDK2017/Build/DuetPkgX64/DEBUG_GCC5/X64/MdeModulePkg/Library/UefiHiiServicesLib/UefiHiiServicesLib/OUTPUT/UefiHiiServicesLib.lib
/mnt/c/SerranonOS/UEFI/vUDK2017/Build/DuetPkgX64/DEBUG_GCC5/X64/MdePkg/Library/DxeServicesLib/DxeServicesLib/OUTPUT/DxeServicesLib.lib
/mnt/c/SerranonOS/UEFI/vUDK2017/Build/DuetPkgX64/DEBUG_GCC5/X64/DuetPkg/Library/DuetTimerLib/DuetTimerLib/OUTPUT/DuetTimerLib.lib
/mnt/c/SerranonOS/UEFI/vUDK2017/Build/DuetPkgX64/DEBUG_GCC5/X64/MdePkg/Library/DxeServicesTableLib/DxeServicesTableLib/OUTPUT/DxeServicesTableLib.lib
/mnt/c/SerranonOS/UEFI/vUDK2017/Build/DuetPkgX64/DEBUG_GCC5/X64/MdePkg/Library/BasePeCoffGetEntryPointLib/BasePeCoffGetEntryPointLib/OUTPUT/BasePeCoffGetEntryPointLib.lib
/mnt/c/SerranonOS/UEFI/vUDK2017/Build/DuetPkgX64/DEBUG_GCC5/X64/MdeModulePkg/Library/UefiHiiLib/UefiHiiLib/OUTPUT/UefiHiiLib.lib
/mnt/c/SerranonOS/UEFI/vUDK2017/Build/DuetPkgX64/DEBUG_GCC5/X64/MdePkg/Library/BasePerformanceLibNull/BasePerformanceLibNull/OUTPUT/BasePerformanceLibNull.lib
/mnt/c/SerranonOS/UEFI/vUDK2017/Build/DuetPkgX64/DEBUG_GCC5/X64/MdePkg/Library/BaseReportStatusCodeLibNull/BaseReportStatusCodeLibNull/OUTPUT/BaseReportStatusCodeLibNull.lib
/mnt/c/SerranonOS/UEFI/vUDK2017/Build/DuetPkgX64/DEBUG_GCC5/X64/IntelFrameworkModulePkg/Library/GenericBdsLib/GenericBdsLib/OUTPUT/GenericBdsLib.lib
/mnt/c/SerranonOS/UEFI/vUDK2017/Build/DuetPkgX64/DEBUG_GCC5/X64/MdePkg/Library/UefiDriverEntryPoint/UefiDriverEntryPoint/OUTPUT/UefiDriverEntryPoint.lib
/mnt/c/SerranonOS/UEFI/vUDK2017/Build/DuetPkgX64/DEBUG_GCC5/X64/DuetPkg/Library/DuetBdsLib/PlatformBds/OUTPUT/DuetBds.lib
/mnt/c/SerranonOS/UEFI/vUDK2017/Build/DuetPkgX64/DEBUG_GCC5/X64/MdeModulePkg/Library/DxeCapsuleLibNull/DxeCapsuleLibNull/OUTPUT/DxeCapsuleLibNull.lib
/mnt/c/SerranonOS/UEFI/vUDK2017/Build/DuetPkgX64/DEBUG_GCC5/X64/IntelFrameworkModulePkg/Universal/BdsDxe/BdsDxe/OUTPUT/BdsDxe.lib